<html><head><meta http-equiv="Content-Type" content="text/html;charset=utf-8"><meta name="author" content="JetBrains"><script type="text/javascript" src="script.js"></script><link rel="stylesheet" type="text/css" href="styles.css"/><title>PyCharm inspection report</title></head><body><h3>PyCharm inspection report:</h3><div style="width:100%;"><div style="float:left; width:50%;"><h4>Inspection tree:</h4><li><label for="1155303478"><b>'InspectionViewTree' project</b>&nbsp;<span class="grayout">&nbsp;&nbsp;13&nbsp;warnings&nbsp;21&nbsp;weak&nbsp;warnings&nbsp;17&nbsp;typos&nbsp;</span></label><input type="checkbox" checked onclick="navigate(1155303478)"  id="1155303478" /><ol class="tree"><li><label for="1257357633"><b>Python</b>&nbsp;group&nbsp;<span class="grayout">&nbsp;&nbsp;13&nbsp;warnings&nbsp;21&nbsp;weak&nbsp;warnings&nbsp;</span></label><input type="checkbox"  onclick="navigate(1257357633)"  id="1257357633" /><ol class="tree"><li><label for="1682127619"><b>Instance&nbsp;attribute&nbsp;defined&nbsp;outside&nbsp;__init__</b>&nbsp;inspection&nbsp;<span class="grayout">&nbsp;&nbsp;4&nbsp;weak&nbsp;warnings&nbsp;</span></label><input type="checkbox"  onclick="navigate(1682127619)"  id="1682127619" /><ol class="tree"><li><label for="1024558516">file&nbsp;<b>test_achievers_site.py</b>&nbsp;<span class="grayout">&nbsp;&nbsp;4&nbsp;weak&nbsp;warnings&nbsp;</span></label><input type="checkbox"  onclick="navigate(1024558516)"  id="1024558516" /><div id="d1024558516" style="display:none"><p class="problem-description-group">Location</p><div class="location"><b>test_achievers_site.py</b><br>in file&nbsp;<a HREF="file://C:/Users/dprui/OneDrive/Documents/Git Repos/Achievers/IntegrationTestingPython/test_achievers_site.py#0">...\test_achievers_site.py</a></div><br><br><p class="problem-description-group">Problem synopsis</p><div class="problem-description"><div class="problem-description"><ul><li>Instance attribute start_time defined outside __init__ (at line <a HREF="file://C:/Users/dprui/OneDrive/Documents/Git Repos/Achievers/IntegrationTestingPython/test_achievers_site.py#1488">46</a>)<br><br></li><li>Instance attribute entries defined outside __init__ (at line <a HREF="file://C:/Users/dprui/OneDrive/Documents/Git Repos/Achievers/IntegrationTestingPython/test_achievers_site.py#1575">48</a>)<br><br></li><li>Instance attribute driver defined outside __init__ (at line <a HREF="file://C:/Users/dprui/OneDrive/Documents/Git Repos/Achievers/IntegrationTestingPython/test_achievers_site.py#1529">47</a>)<br><br></li><li>Instance attribute vars defined outside __init__ (at line <a HREF="file://C:/Users/dprui/OneDrive/Documents/Git Repos/Achievers/IntegrationTestingPython/test_achievers_site.py#1748">50</a>)<br><br></li></ul><table cellpadding="0" border="0" cellspacing="0"><tr><td>&nbsp;</td></tr></table></div></div></div><ol class="tree"><li><label for="2137717546"><span style="margin:1px;">WEAK WARNING</span>&nbsp;Instance&nbsp;attribute&nbsp;start_time&nbsp;defined&nbsp;outside&nbsp;__init__&nbsp;<span class="grayout"></span></label><input type="checkbox"  onclick="navigate(2137717546)"  id="2137717546" /><div id="d2137717546" style="display:none"><p class="problem-description-group">Location</p><div class="location"><b>test_achievers_site.py</b><br>in file&nbsp;<a HREF="file://C:/Users/dprui/OneDrive/Documents/Git Repos/Achievers/IntegrationTestingPython/test_achievers_site.py#0">...\test_achievers_site.py</a></div><br><br><p class="problem-description-group">Problem synopsis</p><div class="problem-description"><div class="problem-description"><ul><li>Instance attribute start_time defined outside __init__ (at line <a HREF="file://C:/Users/dprui/OneDrive/Documents/Git Repos/Achievers/IntegrationTestingPython/test_achievers_site.py#1488">46</a>)<br><br></li><li>Instance attribute entries defined outside __init__ (at line <a HREF="file://C:/Users/dprui/OneDrive/Documents/Git Repos/Achievers/IntegrationTestingPython/test_achievers_site.py#1575">48</a>)<br><br></li><li>Instance attribute driver defined outside __init__ (at line <a HREF="file://C:/Users/dprui/OneDrive/Documents/Git Repos/Achievers/IntegrationTestingPython/test_achievers_site.py#1529">47</a>)<br><br></li><li>Instance attribute vars defined outside __init__ (at line <a HREF="file://C:/Users/dprui/OneDrive/Documents/Git Repos/Achievers/IntegrationTestingPython/test_achievers_site.py#1748">50</a>)<br><br></li></ul><table cellpadding="0" border="0" cellspacing="0"><tr><td>&nbsp;</td></tr></table></div></div></div><ol class="tree"></ol></li><li><label for="1172782849"><span style="margin:1px;">WEAK WARNING</span>&nbsp;Instance&nbsp;attribute&nbsp;driver&nbsp;defined&nbsp;outside&nbsp;__init__&nbsp;<span class="grayout"></span></label><input type="checkbox"  onclick="navigate(1172782849)"  id="1172782849" /><div id="d1172782849" style="display:none"><p class="problem-description-group">Location</p><div class="location"><b>test_achievers_site.py</b><br>in file&nbsp;<a HREF="file://C:/Users/dprui/OneDrive/Documents/Git Repos/Achievers/IntegrationTestingPython/test_achievers_site.py#0">...\test_achievers_site.py</a></div><br><br><p class="problem-description-group">Problem synopsis</p><div class="problem-description"><div class="problem-description"><ul><li>Instance attribute start_time defined outside __init__ (at line <a HREF="file://C:/Users/dprui/OneDrive/Documents/Git Repos/Achievers/IntegrationTestingPython/test_achievers_site.py#1488">46</a>)<br><br></li><li>Instance attribute entries defined outside __init__ (at line <a HREF="file://C:/Users/dprui/OneDrive/Documents/Git Repos/Achievers/IntegrationTestingPython/test_achievers_site.py#1575">48</a>)<br><br></li><li>Instance attribute driver defined outside __init__ (at line <a HREF="file://C:/Users/dprui/OneDrive/Documents/Git Repos/Achievers/IntegrationTestingPython/test_achievers_site.py#1529">47</a>)<br><br></li><li>Instance attribute vars defined outside __init__ (at line <a HREF="file://C:/Users/dprui/OneDrive/Documents/Git Repos/Achievers/IntegrationTestingPython/test_achievers_site.py#1748">50</a>)<br><br></li></ul><table cellpadding="0" border="0" cellspacing="0"><tr><td>&nbsp;</td></tr></table></div></div></div><ol class="tree"></ol></li><li><label for="1550919712"><span style="margin:1px;">WEAK WARNING</span>&nbsp;Instance&nbsp;attribute&nbsp;entries&nbsp;defined&nbsp;outside&nbsp;__init__&nbsp;<span class="grayout"></span></label><input type="checkbox"  onclick="navigate(1550919712)"  id="1550919712" /><div id="d1550919712" style="display:none"><p class="problem-description-group">Location</p><div class="location"><b>test_achievers_site.py</b><br>in file&nbsp;<a HREF="file://C:/Users/dprui/OneDrive/Documents/Git Repos/Achievers/IntegrationTestingPython/test_achievers_site.py#0">...\test_achievers_site.py</a></div><br><br><p class="problem-description-group">Problem synopsis</p><div class="problem-description"><div class="problem-description"><ul><li>Instance attribute start_time defined outside __init__ (at line <a HREF="file://C:/Users/dprui/OneDrive/Documents/Git Repos/Achievers/IntegrationTestingPython/test_achievers_site.py#1488">46</a>)<br><br></li><li>Instance attribute entries defined outside __init__ (at line <a HREF="file://C:/Users/dprui/OneDrive/Documents/Git Repos/Achievers/IntegrationTestingPython/test_achievers_site.py#1575">48</a>)<br><br></li><li>Instance attribute driver defined outside __init__ (at line <a HREF="file://C:/Users/dprui/OneDrive/Documents/Git Repos/Achievers/IntegrationTestingPython/test_achievers_site.py#1529">47</a>)<br><br></li><li>Instance attribute vars defined outside __init__ (at line <a HREF="file://C:/Users/dprui/OneDrive/Documents/Git Repos/Achievers/IntegrationTestingPython/test_achievers_site.py#1748">50</a>)<br><br></li></ul><table cellpadding="0" border="0" cellspacing="0"><tr><td>&nbsp;</td></tr></table></div></div></div><ol class="tree"></ol></li><li><label for="220825242"><span style="margin:1px;">WEAK WARNING</span>&nbsp;Instance&nbsp;attribute&nbsp;vars&nbsp;defined&nbsp;outside&nbsp;__init__&nbsp;<span class="grayout"></span></label><input type="checkbox"  onclick="navigate(220825242)"  id="220825242" /><div id="d220825242" style="display:none"><p class="problem-description-group">Location</p><div class="location"><b>test_achievers_site.py</b><br>in file&nbsp;<a HREF="file://C:/Users/dprui/OneDrive/Documents/Git Repos/Achievers/IntegrationTestingPython/test_achievers_site.py#0">...\test_achievers_site.py</a></div><br><br><p class="problem-description-group">Problem synopsis</p><div class="problem-description"><div class="problem-description"><ul><li>Instance attribute start_time defined outside __init__ (at line <a HREF="file://C:/Users/dprui/OneDrive/Documents/Git Repos/Achievers/IntegrationTestingPython/test_achievers_site.py#1488">46</a>)<br><br></li><li>Instance attribute entries defined outside __init__ (at line <a HREF="file://C:/Users/dprui/OneDrive/Documents/Git Repos/Achievers/IntegrationTestingPython/test_achievers_site.py#1575">48</a>)<br><br></li><li>Instance attribute driver defined outside __init__ (at line <a HREF="file://C:/Users/dprui/OneDrive/Documents/Git Repos/Achievers/IntegrationTestingPython/test_achievers_site.py#1529">47</a>)<br><br></li><li>Instance attribute vars defined outside __init__ (at line <a HREF="file://C:/Users/dprui/OneDrive/Documents/Git Repos/Achievers/IntegrationTestingPython/test_achievers_site.py#1748">50</a>)<br><br></li></ul><table cellpadding="0" border="0" cellspacing="0"><tr><td>&nbsp;</td></tr></table></div></div></div><ol class="tree"></ol></li></ol></li></ol></li><li><label for="1813862329"><b>PEP&nbsp;8&nbsp;coding&nbsp;style&nbsp;violation</b>&nbsp;inspection&nbsp;<span class="grayout">&nbsp;&nbsp;11&nbsp;weak&nbsp;warnings&nbsp;</span></label><input type="checkbox"  onclick="navigate(1813862329)"  id="1813862329" /><ol class="tree"><li><label for="1222863436">file&nbsp;<b>test_achievers_site.py</b>&nbsp;<span class="grayout">&nbsp;&nbsp;11&nbsp;weak&nbsp;warnings&nbsp;</span></label><input type="checkbox"  onclick="navigate(1222863436)"  id="1222863436" /><div id="d1222863436" style="display:none"><p class="problem-description-group">Location</p><div class="location"><b>test_achievers_site.py</b><br>in file&nbsp;<a HREF="file://C:/Users/dprui/OneDrive/Documents/Git Repos/Achievers/IntegrationTestingPython/test_achievers_site.py#0">...\test_achievers_site.py</a></div><br><br><p class="problem-description-group">Problem synopsis</p><div class="problem-description"><div class="problem-description"><ul><li>PEP 8: multiple imports on one line (at line <a HREF="file://C:/Users/dprui/OneDrive/Documents/Git Repos/Achievers/IntegrationTestingPython/test_achievers_site.py#54">4</a>)<br><br></li><li>PEP 8: expected 2 blank lines, found 1 (at line <a HREF="file://C:/Users/dprui/OneDrive/Documents/Git Repos/Achievers/IntegrationTestingPython/test_achievers_site.py#714">22</a>)<br><br></li><li>PEP 8: expected 2 blank lines, found 1 (at line <a HREF="file://C:/Users/dprui/OneDrive/Documents/Git Repos/Achievers/IntegrationTestingPython/test_achievers_site.py#1285">40</a>)<br><br></li><li>PEP 8: expected 2 blank lines, found 1 (at line <a HREF="file://C:/Users/dprui/OneDrive/Documents/Git Repos/Achievers/IntegrationTestingPython/test_achievers_site.py#1406">44</a>)<br><br></li><li>PEP 8: block comment should start with '# ' (at line <a HREF="file://C:/Users/dprui/OneDrive/Documents/Git Repos/Achievers/IntegrationTestingPython/test_achievers_site.py#1970">58</a>)<br><br></li><li>PEP 8: block comment should start with '# ' (at line <a HREF="file://C:/Users/dprui/OneDrive/Documents/Git Repos/Achievers/IntegrationTestingPython/test_achievers_site.py#2995">88</a>)<br><br></li><li>PEP 8: block comment should start with '# ' (at line <a HREF="file://C:/Users/dprui/OneDrive/Documents/Git Repos/Achievers/IntegrationTestingPython/test_achievers_site.py#3562">98</a>)<br><br></li><li>PEP 8: block comment should start with '# ' (at line <a HREF="file://C:/Users/dprui/OneDrive/Documents/Git Repos/Achievers/IntegrationTestingPython/test_achievers_site.py#9769">225</a>)<br><br></li><li>PEP 8: too many blank lines (2) (at line <a HREF="file://C:/Users/dprui/OneDrive/Documents/Git Repos/Achievers/IntegrationTestingPython/test_achievers_site.py#11506">258</a>)<br><br></li><li>PEP 8: at least two spaces before inline comment (at line <a HREF="file://C:/Users/dprui/OneDrive/Documents/Git Repos/Achievers/IntegrationTestingPython/test_achievers_site.py#13904">299</a>)<br><br></li><li>PEP 8: line too long (124 &gt; 120 characters) (at line <a HREF="file://C:/Users/dprui/OneDrive/Documents/Git Repos/Achievers/IntegrationTestingPython/test_achievers_site.py#15946">329</a>)<br><br></li></ul><table cellpadding="0" border="0" cellspacing="0"><tr><td>&nbsp;</td></tr></table></div></div></div><ol class="tree"><li><label for="1236579714"><span style="margin:1px;">WEAK WARNING</span>&nbsp;PEP&nbsp;8:&nbsp;multiple&nbsp;imports&nbsp;on&nbsp;one&nbsp;line&nbsp;<span class="grayout"></span></label><input type="checkbox"  onclick="navigate(1236579714)"  id="1236579714" /><div id="d1236579714" style="display:none"><p class="problem-description-group">Location</p><div class="location"><b>test_achievers_site.py</b><br>in file&nbsp;<a HREF="file://C:/Users/dprui/OneDrive/Documents/Git Repos/Achievers/IntegrationTestingPython/test_achievers_site.py#0">...\test_achievers_site.py</a></div><br><br><p class="problem-description-group">Problem synopsis</p><div class="problem-description"><div class="problem-description"><ul><li>PEP 8: multiple imports on one line (at line <a HREF="file://C:/Users/dprui/OneDrive/Documents/Git Repos/Achievers/IntegrationTestingPython/test_achievers_site.py#54">4</a>)<br><br></li><li>PEP 8: expected 2 blank lines, found 1 (at line <a HREF="file://C:/Users/dprui/OneDrive/Documents/Git Repos/Achievers/IntegrationTestingPython/test_achievers_site.py#714">22</a>)<br><br></li><li>PEP 8: expected 2 blank lines, found 1 (at line <a HREF="file://C:/Users/dprui/OneDrive/Documents/Git Repos/Achievers/IntegrationTestingPython/test_achievers_site.py#1285">40</a>)<br><br></li><li>PEP 8: expected 2 blank lines, found 1 (at line <a HREF="file://C:/Users/dprui/OneDrive/Documents/Git Repos/Achievers/IntegrationTestingPython/test_achievers_site.py#1406">44</a>)<br><br></li><li>PEP 8: block comment should start with '# ' (at line <a HREF="file://C:/Users/dprui/OneDrive/Documents/Git Repos/Achievers/IntegrationTestingPython/test_achievers_site.py#1970">58</a>)<br><br></li><li>PEP 8: block comment should start with '# ' (at line <a HREF="file://C:/Users/dprui/OneDrive/Documents/Git Repos/Achievers/IntegrationTestingPython/test_achievers_site.py#2995">88</a>)<br><br></li><li>PEP 8: block comment should start with '# ' (at line <a HREF="file://C:/Users/dprui/OneDrive/Documents/Git Repos/Achievers/IntegrationTestingPython/test_achievers_site.py#3562">98</a>)<br><br></li><li>PEP 8: block comment should start with '# ' (at line <a HREF="file://C:/Users/dprui/OneDrive/Documents/Git Repos/Achievers/IntegrationTestingPython/test_achievers_site.py#9769">225</a>)<br><br></li><li>PEP 8: too many blank lines (2) (at line <a HREF="file://C:/Users/dprui/OneDrive/Documents/Git Repos/Achievers/IntegrationTestingPython/test_achievers_site.py#11506">258</a>)<br><br></li><li>PEP 8: at least two spaces before inline comment (at line <a HREF="file://C:/Users/dprui/OneDrive/Documents/Git Repos/Achievers/IntegrationTestingPython/test_achievers_site.py#13904">299</a>)<br><br></li><li>PEP 8: line too long (124 &gt; 120 characters) (at line <a HREF="file://C:/Users/dprui/OneDrive/Documents/Git Repos/Achievers/IntegrationTestingPython/test_achievers_site.py#15946">329</a>)<br><br></li></ul><table cellpadding="0" border="0" cellspacing="0"><tr><td>&nbsp;</td></tr></table></div></div></div><ol class="tree"></ol></li><li><label for="2109653704"><span style="margin:1px;">WEAK WARNING</span>&nbsp;PEP&nbsp;8:&nbsp;expected&nbsp;2&nbsp;blank&nbsp;lines,&nbsp;found&nbsp;1&nbsp;<span class="grayout"></span></label><input type="checkbox"  onclick="navigate(2109653704)"  id="2109653704" /><div id="d2109653704" style="display:none"><p class="problem-description-group">Location</p><div class="location"><b>test_achievers_site.py</b><br>in file&nbsp;<a HREF="file://C:/Users/dprui/OneDrive/Documents/Git Repos/Achievers/IntegrationTestingPython/test_achievers_site.py#0">...\test_achievers_site.py</a></div><br><br><p class="problem-description-group">Problem synopsis</p><div class="problem-description"><div class="problem-description"><ul><li>PEP 8: multiple imports on one line (at line <a HREF="file://C:/Users/dprui/OneDrive/Documents/Git Repos/Achievers/IntegrationTestingPython/test_achievers_site.py#54">4</a>)<br><br></li><li>PEP 8: expected 2 blank lines, found 1 (at line <a HREF="file://C:/Users/dprui/OneDrive/Documents/Git Repos/Achievers/IntegrationTestingPython/test_achievers_site.py#714">22</a>)<br><br></li><li>PEP 8: expected 2 blank lines, found 1 (at line <a HREF="file://C:/Users/dprui/OneDrive/Documents/Git Repos/Achievers/IntegrationTestingPython/test_achievers_site.py#1285">40</a>)<br><br></li><li>PEP 8: expected 2 blank lines, found 1 (at line <a HREF="file://C:/Users/dprui/OneDrive/Documents/Git Repos/Achievers/IntegrationTestingPython/test_achievers_site.py#1406">44</a>)<br><br></li><li>PEP 8: block comment should start with '# ' (at line <a HREF="file://C:/Users/dprui/OneDrive/Documents/Git Repos/Achievers/IntegrationTestingPython/test_achievers_site.py#1970">58</a>)<br><br></li><li>PEP 8: block comment should start with '# ' (at line <a HREF="file://C:/Users/dprui/OneDrive/Documents/Git Repos/Achievers/IntegrationTestingPython/test_achievers_site.py#2995">88</a>)<br><br></li><li>PEP 8: block comment should start with '# ' (at line <a HREF="file://C:/Users/dprui/OneDrive/Documents/Git Repos/Achievers/IntegrationTestingPython/test_achievers_site.py#3562">98</a>)<br><br></li><li>PEP 8: block comment should start with '# ' (at line <a HREF="file://C:/Users/dprui/OneDrive/Documents/Git Repos/Achievers/IntegrationTestingPython/test_achievers_site.py#9769">225</a>)<br><br></li><li>PEP 8: too many blank lines (2) (at line <a HREF="file://C:/Users/dprui/OneDrive/Documents/Git Repos/Achievers/IntegrationTestingPython/test_achievers_site.py#11506">258</a>)<br><br></li><li>PEP 8: at least two spaces before inline comment (at line <a HREF="file://C:/Users/dprui/OneDrive/Documents/Git Repos/Achievers/IntegrationTestingPython/test_achievers_site.py#13904">299</a>)<br><br></li><li>PEP 8: line too long (124 &gt; 120 characters) (at line <a HREF="file://C:/Users/dprui/OneDrive/Documents/Git Repos/Achievers/IntegrationTestingPython/test_achievers_site.py#15946">329</a>)<br><br></li></ul><table cellpadding="0" border="0" cellspacing="0"><tr><td>&nbsp;</td></tr></table></div></div></div><ol class="tree"></ol></li><li><label for="1109974725"><span style="margin:1px;">WEAK WARNING</span>&nbsp;PEP&nbsp;8:&nbsp;expected&nbsp;2&nbsp;blank&nbsp;lines,&nbsp;found&nbsp;1&nbsp;<span class="grayout"></span></label><input type="checkbox"  onclick="navigate(1109974725)"  id="1109974725" /><div id="d1109974725" style="display:none"><p class="problem-description-group">Location</p><div class="location"><b>test_achievers_site.py</b><br>in file&nbsp;<a HREF="file://C:/Users/dprui/OneDrive/Documents/Git Repos/Achievers/IntegrationTestingPython/test_achievers_site.py#0">...\test_achievers_site.py</a></div><br><br><p class="problem-description-group">Problem synopsis</p><div class="problem-description"><div class="problem-description"><ul><li>PEP 8: multiple imports on one line (at line <a HREF="file://C:/Users/dprui/OneDrive/Documents/Git Repos/Achievers/IntegrationTestingPython/test_achievers_site.py#54">4</a>)<br><br></li><li>PEP 8: expected 2 blank lines, found 1 (at line <a HREF="file://C:/Users/dprui/OneDrive/Documents/Git Repos/Achievers/IntegrationTestingPython/test_achievers_site.py#714">22</a>)<br><br></li><li>PEP 8: expected 2 blank lines, found 1 (at line <a HREF="file://C:/Users/dprui/OneDrive/Documents/Git Repos/Achievers/IntegrationTestingPython/test_achievers_site.py#1285">40</a>)<br><br></li><li>PEP 8: expected 2 blank lines, found 1 (at line <a HREF="file://C:/Users/dprui/OneDrive/Documents/Git Repos/Achievers/IntegrationTestingPython/test_achievers_site.py#1406">44</a>)<br><br></li><li>PEP 8: block comment should start with '# ' (at line <a HREF="file://C:/Users/dprui/OneDrive/Documents/Git Repos/Achievers/IntegrationTestingPython/test_achievers_site.py#1970">58</a>)<br><br></li><li>PEP 8: block comment should start with '# ' (at line <a HREF="file://C:/Users/dprui/OneDrive/Documents/Git Repos/Achievers/IntegrationTestingPython/test_achievers_site.py#2995">88</a>)<br><br></li><li>PEP 8: block comment should start with '# ' (at line <a HREF="file://C:/Users/dprui/OneDrive/Documents/Git Repos/Achievers/IntegrationTestingPython/test_achievers_site.py#3562">98</a>)<br><br></li><li>PEP 8: block comment should start with '# ' (at line <a HREF="file://C:/Users/dprui/OneDrive/Documents/Git Repos/Achievers/IntegrationTestingPython/test_achievers_site.py#9769">225</a>)<br><br></li><li>PEP 8: too many blank lines (2) (at line <a HREF="file://C:/Users/dprui/OneDrive/Documents/Git Repos/Achievers/IntegrationTestingPython/test_achievers_site.py#11506">258</a>)<br><br></li><li>PEP 8: at least two spaces before inline comment (at line <a HREF="file://C:/Users/dprui/OneDrive/Documents/Git Repos/Achievers/IntegrationTestingPython/test_achievers_site.py#13904">299</a>)<br><br></li><li>PEP 8: line too long (124 &gt; 120 characters) (at line <a HREF="file://C:/Users/dprui/OneDrive/Documents/Git Repos/Achievers/IntegrationTestingPython/test_achievers_site.py#15946">329</a>)<br><br></li></ul><table cellpadding="0" border="0" cellspacing="0"><tr><td>&nbsp;</td></tr></table></div></div></div><ol class="tree"></ol></li><li><label for="1966863646"><span style="margin:1px;">WEAK WARNING</span>&nbsp;PEP&nbsp;8:&nbsp;expected&nbsp;2&nbsp;blank&nbsp;lines,&nbsp;found&nbsp;1&nbsp;<span class="grayout"></span></label><input type="checkbox"  onclick="navigate(1966863646)"  id="1966863646" /><div id="d1966863646" style="display:none"><p class="problem-description-group">Location</p><div class="location"><b>test_achievers_site.py</b><br>in file&nbsp;<a HREF="file://C:/Users/dprui/OneDrive/Documents/Git Repos/Achievers/IntegrationTestingPython/test_achievers_site.py#0">...\test_achievers_site.py</a></div><br><br><p class="problem-description-group">Problem synopsis</p><div class="problem-description"><div class="problem-description"><ul><li>PEP 8: multiple imports on one line (at line <a HREF="file://C:/Users/dprui/OneDrive/Documents/Git Repos/Achievers/IntegrationTestingPython/test_achievers_site.py#54">4</a>)<br><br></li><li>PEP 8: expected 2 blank lines, found 1 (at line <a HREF="file://C:/Users/dprui/OneDrive/Documents/Git Repos/Achievers/IntegrationTestingPython/test_achievers_site.py#714">22</a>)<br><br></li><li>PEP 8: expected 2 blank lines, found 1 (at line <a HREF="file://C:/Users/dprui/OneDrive/Documents/Git Repos/Achievers/IntegrationTestingPython/test_achievers_site.py#1285">40</a>)<br><br></li><li>PEP 8: expected 2 blank lines, found 1 (at line <a HREF="file://C:/Users/dprui/OneDrive/Documents/Git Repos/Achievers/IntegrationTestingPython/test_achievers_site.py#1406">44</a>)<br><br></li><li>PEP 8: block comment should start with '# ' (at line <a HREF="file://C:/Users/dprui/OneDrive/Documents/Git Repos/Achievers/IntegrationTestingPython/test_achievers_site.py#1970">58</a>)<br><br></li><li>PEP 8: block comment should start with '# ' (at line <a HREF="file://C:/Users/dprui/OneDrive/Documents/Git Repos/Achievers/IntegrationTestingPython/test_achievers_site.py#2995">88</a>)<br><br></li><li>PEP 8: block comment should start with '# ' (at line <a HREF="file://C:/Users/dprui/OneDrive/Documents/Git Repos/Achievers/IntegrationTestingPython/test_achievers_site.py#3562">98</a>)<br><br></li><li>PEP 8: block comment should start with '# ' (at line <a HREF="file://C:/Users/dprui/OneDrive/Documents/Git Repos/Achievers/IntegrationTestingPython/test_achievers_site.py#9769">225</a>)<br><br></li><li>PEP 8: too many blank lines (2) (at line <a HREF="file://C:/Users/dprui/OneDrive/Documents/Git Repos/Achievers/IntegrationTestingPython/test_achievers_site.py#11506">258</a>)<br><br></li><li>PEP 8: at least two spaces before inline comment (at line <a HREF="file://C:/Users/dprui/OneDrive/Documents/Git Repos/Achievers/IntegrationTestingPython/test_achievers_site.py#13904">299</a>)<br><br></li><li>PEP 8: line too long (124 &gt; 120 characters) (at line <a HREF="file://C:/Users/dprui/OneDrive/Documents/Git Repos/Achievers/IntegrationTestingPython/test_achievers_site.py#15946">329</a>)<br><br></li></ul><table cellpadding="0" border="0" cellspacing="0"><tr><td>&nbsp;</td></tr></table></div></div></div><ol class="tree"></ol></li><li><label for="1019283214"><span style="margin:1px;">WEAK WARNING</span>&nbsp;PEP&nbsp;8:&nbsp;block&nbsp;comment&nbsp;should&nbsp;start&nbsp;with&nbsp;&#39;#&nbsp;&#39;&nbsp;<span class="grayout"></span></label><input type="checkbox"  onclick="navigate(1019283214)"  id="1019283214" /><div id="d1019283214" style="display:none"><p class="problem-description-group">Location</p><div class="location"><b>test_achievers_site.py</b><br>in file&nbsp;<a HREF="file://C:/Users/dprui/OneDrive/Documents/Git Repos/Achievers/IntegrationTestingPython/test_achievers_site.py#0">...\test_achievers_site.py</a></div><br><br><p class="problem-description-group">Problem synopsis</p><div class="problem-description"><div class="problem-description"><ul><li>PEP 8: multiple imports on one line (at line <a HREF="file://C:/Users/dprui/OneDrive/Documents/Git Repos/Achievers/IntegrationTestingPython/test_achievers_site.py#54">4</a>)<br><br></li><li>PEP 8: expected 2 blank lines, found 1 (at line <a HREF="file://C:/Users/dprui/OneDrive/Documents/Git Repos/Achievers/IntegrationTestingPython/test_achievers_site.py#714">22</a>)<br><br></li><li>PEP 8: expected 2 blank lines, found 1 (at line <a HREF="file://C:/Users/dprui/OneDrive/Documents/Git Repos/Achievers/IntegrationTestingPython/test_achievers_site.py#1285">40</a>)<br><br></li><li>PEP 8: expected 2 blank lines, found 1 (at line <a HREF="file://C:/Users/dprui/OneDrive/Documents/Git Repos/Achievers/IntegrationTestingPython/test_achievers_site.py#1406">44</a>)<br><br></li><li>PEP 8: block comment should start with '# ' (at line <a HREF="file://C:/Users/dprui/OneDrive/Documents/Git Repos/Achievers/IntegrationTestingPython/test_achievers_site.py#1970">58</a>)<br><br></li><li>PEP 8: block comment should start with '# ' (at line <a HREF="file://C:/Users/dprui/OneDrive/Documents/Git Repos/Achievers/IntegrationTestingPython/test_achievers_site.py#2995">88</a>)<br><br></li><li>PEP 8: block comment should start with '# ' (at line <a HREF="file://C:/Users/dprui/OneDrive/Documents/Git Repos/Achievers/IntegrationTestingPython/test_achievers_site.py#3562">98</a>)<br><br></li><li>PEP 8: block comment should start with '# ' (at line <a HREF="file://C:/Users/dprui/OneDrive/Documents/Git Repos/Achievers/IntegrationTestingPython/test_achievers_site.py#9769">225</a>)<br><br></li><li>PEP 8: too many blank lines (2) (at line <a HREF="file://C:/Users/dprui/OneDrive/Documents/Git Repos/Achievers/IntegrationTestingPython/test_achievers_site.py#11506">258</a>)<br><br></li><li>PEP 8: at least two spaces before inline comment (at line <a HREF="file://C:/Users/dprui/OneDrive/Documents/Git Repos/Achievers/IntegrationTestingPython/test_achievers_site.py#13904">299</a>)<br><br></li><li>PEP 8: line too long (124 &gt; 120 characters) (at line <a HREF="file://C:/Users/dprui/OneDrive/Documents/Git Repos/Achievers/IntegrationTestingPython/test_achievers_site.py#15946">329</a>)<br><br></li></ul><table cellpadding="0" border="0" cellspacing="0"><tr><td>&nbsp;</td></tr></table></div></div></div><ol class="tree"></ol></li><li><label for="786232062"><span style="margin:1px;">WEAK WARNING</span>&nbsp;PEP&nbsp;8:&nbsp;block&nbsp;comment&nbsp;should&nbsp;start&nbsp;with&nbsp;&#39;#&nbsp;&#39;&nbsp;<span class="grayout"></span></label><input type="checkbox"  onclick="navigate(786232062)"  id="786232062" /><div id="d786232062" style="display:none"><p class="problem-description-group">Location</p><div class="location"><b>test_achievers_site.py</b><br>in file&nbsp;<a HREF="file://C:/Users/dprui/OneDrive/Documents/Git Repos/Achievers/IntegrationTestingPython/test_achievers_site.py#0">...\test_achievers_site.py</a></div><br><br><p class="problem-description-group">Problem synopsis</p><div class="problem-description"><div class="problem-description"><ul><li>PEP 8: multiple imports on one line (at line <a HREF="file://C:/Users/dprui/OneDrive/Documents/Git Repos/Achievers/IntegrationTestingPython/test_achievers_site.py#54">4</a>)<br><br></li><li>PEP 8: expected 2 blank lines, found 1 (at line <a HREF="file://C:/Users/dprui/OneDrive/Documents/Git Repos/Achievers/IntegrationTestingPython/test_achievers_site.py#714">22</a>)<br><br></li><li>PEP 8: expected 2 blank lines, found 1 (at line <a HREF="file://C:/Users/dprui/OneDrive/Documents/Git Repos/Achievers/IntegrationTestingPython/test_achievers_site.py#1285">40</a>)<br><br></li><li>PEP 8: expected 2 blank lines, found 1 (at line <a HREF="file://C:/Users/dprui/OneDrive/Documents/Git Repos/Achievers/IntegrationTestingPython/test_achievers_site.py#1406">44</a>)<br><br></li><li>PEP 8: block comment should start with '# ' (at line <a HREF="file://C:/Users/dprui/OneDrive/Documents/Git Repos/Achievers/IntegrationTestingPython/test_achievers_site.py#1970">58</a>)<br><br></li><li>PEP 8: block comment should start with '# ' (at line <a HREF="file://C:/Users/dprui/OneDrive/Documents/Git Repos/Achievers/IntegrationTestingPython/test_achievers_site.py#2995">88</a>)<br><br></li><li>PEP 8: block comment should start with '# ' (at line <a HREF="file://C:/Users/dprui/OneDrive/Documents/Git Repos/Achievers/IntegrationTestingPython/test_achievers_site.py#3562">98</a>)<br><br></li><li>PEP 8: block comment should start with '# ' (at line <a HREF="file://C:/Users/dprui/OneDrive/Documents/Git Repos/Achievers/IntegrationTestingPython/test_achievers_site.py#9769">225</a>)<br><br></li><li>PEP 8: too many blank lines (2) (at line <a HREF="file://C:/Users/dprui/OneDrive/Documents/Git Repos/Achievers/IntegrationTestingPython/test_achievers_site.py#11506">258</a>)<br><br></li><li>PEP 8: at least two spaces before inline comment (at line <a HREF="file://C:/Users/dprui/OneDrive/Documents/Git Repos/Achievers/IntegrationTestingPython/test_achievers_site.py#13904">299</a>)<br><br></li><li>PEP 8: line too long (124 &gt; 120 characters) (at line <a HREF="file://C:/Users/dprui/OneDrive/Documents/Git Repos/Achievers/IntegrationTestingPython/test_achievers_site.py#15946">329</a>)<br><br></li></ul><table cellpadding="0" border="0" cellspacing="0"><tr><td>&nbsp;</td></tr></table></div></div></div><ol class="tree"></ol></li><li><label for="2074796630"><span style="margin:1px;">WEAK WARNING</span>&nbsp;PEP&nbsp;8:&nbsp;block&nbsp;comment&nbsp;should&nbsp;start&nbsp;with&nbsp;&#39;#&nbsp;&#39;&nbsp;<span class="grayout"></span></label><input type="checkbox"  onclick="navigate(2074796630)"  id="2074796630" /><div id="d2074796630" style="display:none"><p class="problem-description-group">Location</p><div class="location"><b>test_achievers_site.py</b><br>in file&nbsp;<a HREF="file://C:/Users/dprui/OneDrive/Documents/Git Repos/Achievers/IntegrationTestingPython/test_achievers_site.py#0">...\test_achievers_site.py</a></div><br><br><p class="problem-description-group">Problem synopsis</p><div class="problem-description"><div class="problem-description"><ul><li>PEP 8: multiple imports on one line (at line <a HREF="file://C:/Users/dprui/OneDrive/Documents/Git Repos/Achievers/IntegrationTestingPython/test_achievers_site.py#54">4</a>)<br><br></li><li>PEP 8: expected 2 blank lines, found 1 (at line <a HREF="file://C:/Users/dprui/OneDrive/Documents/Git Repos/Achievers/IntegrationTestingPython/test_achievers_site.py#714">22</a>)<br><br></li><li>PEP 8: expected 2 blank lines, found 1 (at line <a HREF="file://C:/Users/dprui/OneDrive/Documents/Git Repos/Achievers/IntegrationTestingPython/test_achievers_site.py#1285">40</a>)<br><br></li><li>PEP 8: expected 2 blank lines, found 1 (at line <a HREF="file://C:/Users/dprui/OneDrive/Documents/Git Repos/Achievers/IntegrationTestingPython/test_achievers_site.py#1406">44</a>)<br><br></li><li>PEP 8: block comment should start with '# ' (at line <a HREF="file://C:/Users/dprui/OneDrive/Documents/Git Repos/Achievers/IntegrationTestingPython/test_achievers_site.py#1970">58</a>)<br><br></li><li>PEP 8: block comment should start with '# ' (at line <a HREF="file://C:/Users/dprui/OneDrive/Documents/Git Repos/Achievers/IntegrationTestingPython/test_achievers_site.py#2995">88</a>)<br><br></li><li>PEP 8: block comment should start with '# ' (at line <a HREF="file://C:/Users/dprui/OneDrive/Documents/Git Repos/Achievers/IntegrationTestingPython/test_achievers_site.py#3562">98</a>)<br><br></li><li>PEP 8: block comment should start with '# ' (at line <a HREF="file://C:/Users/dprui/OneDrive/Documents/Git Repos/Achievers/IntegrationTestingPython/test_achievers_site.py#9769">225</a>)<br><br></li><li>PEP 8: too many blank lines (2) (at line <a HREF="file://C:/Users/dprui/OneDrive/Documents/Git Repos/Achievers/IntegrationTestingPython/test_achievers_site.py#11506">258</a>)<br><br></li><li>PEP 8: at least two spaces before inline comment (at line <a HREF="file://C:/Users/dprui/OneDrive/Documents/Git Repos/Achievers/IntegrationTestingPython/test_achievers_site.py#13904">299</a>)<br><br></li><li>PEP 8: line too long (124 &gt; 120 characters) (at line <a HREF="file://C:/Users/dprui/OneDrive/Documents/Git Repos/Achievers/IntegrationTestingPython/test_achievers_site.py#15946">329</a>)<br><br></li></ul><table cellpadding="0" border="0" cellspacing="0"><tr><td>&nbsp;</td></tr></table></div></div></div><ol class="tree"></ol></li><li><label for="490849410"><span style="margin:1px;">WEAK WARNING</span>&nbsp;PEP&nbsp;8:&nbsp;block&nbsp;comment&nbsp;should&nbsp;start&nbsp;with&nbsp;&#39;#&nbsp;&#39;&nbsp;<span class="grayout"></span></label><input type="checkbox"  onclick="navigate(490849410)"  id="490849410" /><div id="d490849410" style="display:none"><p class="problem-description-group">Location</p><div class="location"><b>test_achievers_site.py</b><br>in file&nbsp;<a HREF="file://C:/Users/dprui/OneDrive/Documents/Git Repos/Achievers/IntegrationTestingPython/test_achievers_site.py#0">...\test_achievers_site.py</a></div><br><br><p class="problem-description-group">Problem synopsis</p><div class="problem-description"><div class="problem-description"><ul><li>PEP 8: multiple imports on one line (at line <a HREF="file://C:/Users/dprui/OneDrive/Documents/Git Repos/Achievers/IntegrationTestingPython/test_achievers_site.py#54">4</a>)<br><br></li><li>PEP 8: expected 2 blank lines, found 1 (at line <a HREF="file://C:/Users/dprui/OneDrive/Documents/Git Repos/Achievers/IntegrationTestingPython/test_achievers_site.py#714">22</a>)<br><br></li><li>PEP 8: expected 2 blank lines, found 1 (at line <a HREF="file://C:/Users/dprui/OneDrive/Documents/Git Repos/Achievers/IntegrationTestingPython/test_achievers_site.py#1285">40</a>)<br><br></li><li>PEP 8: expected 2 blank lines, found 1 (at line <a HREF="file://C:/Users/dprui/OneDrive/Documents/Git Repos/Achievers/IntegrationTestingPython/test_achievers_site.py#1406">44</a>)<br><br></li><li>PEP 8: block comment should start with '# ' (at line <a HREF="file://C:/Users/dprui/OneDrive/Documents/Git Repos/Achievers/IntegrationTestingPython/test_achievers_site.py#1970">58</a>)<br><br></li><li>PEP 8: block comment should start with '# ' (at line <a HREF="file://C:/Users/dprui/OneDrive/Documents/Git Repos/Achievers/IntegrationTestingPython/test_achievers_site.py#2995">88</a>)<br><br></li><li>PEP 8: block comment should start with '# ' (at line <a HREF="file://C:/Users/dprui/OneDrive/Documents/Git Repos/Achievers/IntegrationTestingPython/test_achievers_site.py#3562">98</a>)<br><br></li><li>PEP 8: block comment should start with '# ' (at line <a HREF="file://C:/Users/dprui/OneDrive/Documents/Git Repos/Achievers/IntegrationTestingPython/test_achievers_site.py#9769">225</a>)<br><br></li><li>PEP 8: too many blank lines (2) (at line <a HREF="file://C:/Users/dprui/OneDrive/Documents/Git Repos/Achievers/IntegrationTestingPython/test_achievers_site.py#11506">258</a>)<br><br></li><li>PEP 8: at least two spaces before inline comment (at line <a HREF="file://C:/Users/dprui/OneDrive/Documents/Git Repos/Achievers/IntegrationTestingPython/test_achievers_site.py#13904">299</a>)<br><br></li><li>PEP 8: line too long (124 &gt; 120 characters) (at line <a HREF="file://C:/Users/dprui/OneDrive/Documents/Git Repos/Achievers/IntegrationTestingPython/test_achievers_site.py#15946">329</a>)<br><br></li></ul><table cellpadding="0" border="0" cellspacing="0"><tr><td>&nbsp;</td></tr></table></div></div></div><ol class="tree"></ol></li><li><label for="1172837567"><span style="margin:1px;">WEAK WARNING</span>&nbsp;PEP&nbsp;8:&nbsp;too&nbsp;many&nbsp;blank&nbsp;lines&nbsp;(2)&nbsp;<span class="grayout"></span></label><input type="checkbox"  onclick="navigate(1172837567)"  id="1172837567" /><div id="d1172837567" style="display:none"><p class="problem-description-group">Location</p><div class="location"><b>test_achievers_site.py</b><br>in file&nbsp;<a HREF="file://C:/Users/dprui/OneDrive/Documents/Git Repos/Achievers/IntegrationTestingPython/test_achievers_site.py#0">...\test_achievers_site.py</a></div><br><br><p class="problem-description-group">Problem synopsis</p><div class="problem-description"><div class="problem-description"><ul><li>PEP 8: multiple imports on one line (at line <a HREF="file://C:/Users/dprui/OneDrive/Documents/Git Repos/Achievers/IntegrationTestingPython/test_achievers_site.py#54">4</a>)<br><br></li><li>PEP 8: expected 2 blank lines, found 1 (at line <a HREF="file://C:/Users/dprui/OneDrive/Documents/Git Repos/Achievers/IntegrationTestingPython/test_achievers_site.py#714">22</a>)<br><br></li><li>PEP 8: expected 2 blank lines, found 1 (at line <a HREF="file://C:/Users/dprui/OneDrive/Documents/Git Repos/Achievers/IntegrationTestingPython/test_achievers_site.py#1285">40</a>)<br><br></li><li>PEP 8: expected 2 blank lines, found 1 (at line <a HREF="file://C:/Users/dprui/OneDrive/Documents/Git Repos/Achievers/IntegrationTestingPython/test_achievers_site.py#1406">44</a>)<br><br></li><li>PEP 8: block comment should start with '# ' (at line <a HREF="file://C:/Users/dprui/OneDrive/Documents/Git Repos/Achievers/IntegrationTestingPython/test_achievers_site.py#1970">58</a>)<br><br></li><li>PEP 8: block comment should start with '# ' (at line <a HREF="file://C:/Users/dprui/OneDrive/Documents/Git Repos/Achievers/IntegrationTestingPython/test_achievers_site.py#2995">88</a>)<br><br></li><li>PEP 8: block comment should start with '# ' (at line <a HREF="file://C:/Users/dprui/OneDrive/Documents/Git Repos/Achievers/IntegrationTestingPython/test_achievers_site.py#3562">98</a>)<br><br></li><li>PEP 8: block comment should start with '# ' (at line <a HREF="file://C:/Users/dprui/OneDrive/Documents/Git Repos/Achievers/IntegrationTestingPython/test_achievers_site.py#9769">225</a>)<br><br></li><li>PEP 8: too many blank lines (2) (at line <a HREF="file://C:/Users/dprui/OneDrive/Documents/Git Repos/Achievers/IntegrationTestingPython/test_achievers_site.py#11506">258</a>)<br><br></li><li>PEP 8: at least two spaces before inline comment (at line <a HREF="file://C:/Users/dprui/OneDrive/Documents/Git Repos/Achievers/IntegrationTestingPython/test_achievers_site.py#13904">299</a>)<br><br></li><li>PEP 8: line too long (124 &gt; 120 characters) (at line <a HREF="file://C:/Users/dprui/OneDrive/Documents/Git Repos/Achievers/IntegrationTestingPython/test_achievers_site.py#15946">329</a>)<br><br></li></ul><table cellpadding="0" border="0" cellspacing="0"><tr><td>&nbsp;</td></tr></table></div></div></div><ol class="tree"></ol></li><li><label for="514516782"><span style="margin:1px;">WEAK WARNING</span>&nbsp;PEP&nbsp;8:&nbsp;at&nbsp;least&nbsp;two&nbsp;spaces&nbsp;before&nbsp;inline&nbsp;comment&nbsp;<span class="grayout"></span></label><input type="checkbox"  onclick="navigate(514516782)"  id="514516782" /><div id="d514516782" style="display:none"><p class="problem-description-group">Location</p><div class="location"><b>test_achievers_site.py</b><br>in file&nbsp;<a HREF="file://C:/Users/dprui/OneDrive/Documents/Git Repos/Achievers/IntegrationTestingPython/test_achievers_site.py#0">...\test_achievers_site.py</a></div><br><br><p class="problem-description-group">Problem synopsis</p><div class="problem-description"><div class="problem-description"><ul><li>PEP 8: multiple imports on one line (at line <a HREF="file://C:/Users/dprui/OneDrive/Documents/Git Repos/Achievers/IntegrationTestingPython/test_achievers_site.py#54">4</a>)<br><br></li><li>PEP 8: expected 2 blank lines, found 1 (at line <a HREF="file://C:/Users/dprui/OneDrive/Documents/Git Repos/Achievers/IntegrationTestingPython/test_achievers_site.py#714">22</a>)<br><br></li><li>PEP 8: expected 2 blank lines, found 1 (at line <a HREF="file://C:/Users/dprui/OneDrive/Documents/Git Repos/Achievers/IntegrationTestingPython/test_achievers_site.py#1285">40</a>)<br><br></li><li>PEP 8: expected 2 blank lines, found 1 (at line <a HREF="file://C:/Users/dprui/OneDrive/Documents/Git Repos/Achievers/IntegrationTestingPython/test_achievers_site.py#1406">44</a>)<br><br></li><li>PEP 8: block comment should start with '# ' (at line <a HREF="file://C:/Users/dprui/OneDrive/Documents/Git Repos/Achievers/IntegrationTestingPython/test_achievers_site.py#1970">58</a>)<br><br></li><li>PEP 8: block comment should start with '# ' (at line <a HREF="file://C:/Users/dprui/OneDrive/Documents/Git Repos/Achievers/IntegrationTestingPython/test_achievers_site.py#2995">88</a>)<br><br></li><li>PEP 8: block comment should start with '# ' (at line <a HREF="file://C:/Users/dprui/OneDrive/Documents/Git Repos/Achievers/IntegrationTestingPython/test_achievers_site.py#3562">98</a>)<br><br></li><li>PEP 8: block comment should start with '# ' (at line <a HREF="file://C:/Users/dprui/OneDrive/Documents/Git Repos/Achievers/IntegrationTestingPython/test_achievers_site.py#9769">225</a>)<br><br></li><li>PEP 8: too many blank lines (2) (at line <a HREF="file://C:/Users/dprui/OneDrive/Documents/Git Repos/Achievers/IntegrationTestingPython/test_achievers_site.py#11506">258</a>)<br><br></li><li>PEP 8: at least two spaces before inline comment (at line <a HREF="file://C:/Users/dprui/OneDrive/Documents/Git Repos/Achievers/IntegrationTestingPython/test_achievers_site.py#13904">299</a>)<br><br></li><li>PEP 8: line too long (124 &gt; 120 characters) (at line <a HREF="file://C:/Users/dprui/OneDrive/Documents/Git Repos/Achievers/IntegrationTestingPython/test_achievers_site.py#15946">329</a>)<br><br></li></ul><table cellpadding="0" border="0" cellspacing="0"><tr><td>&nbsp;</td></tr></table></div></div></div><ol class="tree"></ol></li><li><label for="361555063"><span style="margin:1px;">WEAK WARNING</span>&nbsp;PEP&nbsp;8:&nbsp;line&nbsp;too&nbsp;long&nbsp;(124&nbsp;&gt;&nbsp;120&nbsp;characters)&nbsp;<span class="grayout"></span></label><input type="checkbox"  onclick="navigate(361555063)"  id="361555063" /><div id="d361555063" style="display:none"><p class="problem-description-group">Location</p><div class="location"><b>test_achievers_site.py</b><br>in file&nbsp;<a HREF="file://C:/Users/dprui/OneDrive/Documents/Git Repos/Achievers/IntegrationTestingPython/test_achievers_site.py#0">...\test_achievers_site.py</a></div><br><br><p class="problem-description-group">Problem synopsis</p><div class="problem-description"><div class="problem-description"><ul><li>PEP 8: multiple imports on one line (at line <a HREF="file://C:/Users/dprui/OneDrive/Documents/Git Repos/Achievers/IntegrationTestingPython/test_achievers_site.py#54">4</a>)<br><br></li><li>PEP 8: expected 2 blank lines, found 1 (at line <a HREF="file://C:/Users/dprui/OneDrive/Documents/Git Repos/Achievers/IntegrationTestingPython/test_achievers_site.py#714">22</a>)<br><br></li><li>PEP 8: expected 2 blank lines, found 1 (at line <a HREF="file://C:/Users/dprui/OneDrive/Documents/Git Repos/Achievers/IntegrationTestingPython/test_achievers_site.py#1285">40</a>)<br><br></li><li>PEP 8: expected 2 blank lines, found 1 (at line <a HREF="file://C:/Users/dprui/OneDrive/Documents/Git Repos/Achievers/IntegrationTestingPython/test_achievers_site.py#1406">44</a>)<br><br></li><li>PEP 8: block comment should start with '# ' (at line <a HREF="file://C:/Users/dprui/OneDrive/Documents/Git Repos/Achievers/IntegrationTestingPython/test_achievers_site.py#1970">58</a>)<br><br></li><li>PEP 8: block comment should start with '# ' (at line <a HREF="file://C:/Users/dprui/OneDrive/Documents/Git Repos/Achievers/IntegrationTestingPython/test_achievers_site.py#2995">88</a>)<br><br></li><li>PEP 8: block comment should start with '# ' (at line <a HREF="file://C:/Users/dprui/OneDrive/Documents/Git Repos/Achievers/IntegrationTestingPython/test_achievers_site.py#3562">98</a>)<br><br></li><li>PEP 8: block comment should start with '# ' (at line <a HREF="file://C:/Users/dprui/OneDrive/Documents/Git Repos/Achievers/IntegrationTestingPython/test_achievers_site.py#9769">225</a>)<br><br></li><li>PEP 8: too many blank lines (2) (at line <a HREF="file://C:/Users/dprui/OneDrive/Documents/Git Repos/Achievers/IntegrationTestingPython/test_achievers_site.py#11506">258</a>)<br><br></li><li>PEP 8: at least two spaces before inline comment (at line <a HREF="file://C:/Users/dprui/OneDrive/Documents/Git Repos/Achievers/IntegrationTestingPython/test_achievers_site.py#13904">299</a>)<br><br></li><li>PEP 8: line too long (124 &gt; 120 characters) (at line <a HREF="file://C:/Users/dprui/OneDrive/Documents/Git Repos/Achievers/IntegrationTestingPython/test_achievers_site.py#15946">329</a>)<br><br></li></ul><table cellpadding="0" border="0" cellspacing="0"><tr><td>&nbsp;</td></tr></table></div></div></div><ol class="tree"></ol></li></ol></li></ol></li><li><label for="199937587"><b>Single&nbsp;quoted&nbsp;docstring</b>&nbsp;inspection&nbsp;<span class="grayout">&nbsp;&nbsp;2&nbsp;weak&nbsp;warnings&nbsp;</span></label><input type="checkbox"  onclick="navigate(199937587)"  id="199937587" /><ol class="tree"><li><label for="2061321362">file&nbsp;<b>SeleniumBrowserTesting.py</b>&nbsp;<span class="grayout">&nbsp;&nbsp;2&nbsp;weak&nbsp;warnings&nbsp;</span></label><input type="checkbox"  onclick="navigate(2061321362)"  id="2061321362" /><div id="d2061321362" style="display:none"><p class="problem-description-group">Location</p><div class="location"><b>SeleniumBrowserTesting.py</b><br>in file&nbsp;<a HREF="file://C:/Users/dprui/OneDrive/Documents/Git Repos/Achievers/IntegrationTestingPython/SeleniumBrowserTesting.py#0">...\SeleniumBrowserTesting.py</a></div><br><br><p class="problem-description-group">Problem synopsis</p><div class="problem-description"><div class="problem-description"><ul><li>Triple double-quoted strings should be used for docstrings. (at line <a HREF="file://C:/Users/dprui/OneDrive/Documents/Git Repos/Achievers/IntegrationTestingPython/SeleniumBrowserTesting.py#0">1</a>)<br><br></li><li>Triple double-quoted strings should be used for docstrings. (at line <a HREF="file://C:/Users/dprui/OneDrive/Documents/Git Repos/Achievers/IntegrationTestingPython/SeleniumBrowserTesting.py#110">5</a>)<br><br></li></ul><table cellpadding="0" border="0" cellspacing="0"><tr><td>&nbsp;</td></tr></table></div></div></div><ol class="tree"><li><label for="975691670"><span style="margin:1px;">WEAK WARNING</span>&nbsp;Triple&nbsp;double&#8209;quoted&nbsp;strings&nbsp;should&nbsp;be&nbsp;used&nbsp;for&nbsp;docstrings.&nbsp;<span class="grayout"></span></label><input type="checkbox"  onclick="navigate(975691670)"  id="975691670" /><div id="d975691670" style="display:none"><p class="problem-description-group">Location</p><div class="location"><b>SeleniumBrowserTesting.py</b><br>in file&nbsp;<a HREF="file://C:/Users/dprui/OneDrive/Documents/Git Repos/Achievers/IntegrationTestingPython/SeleniumBrowserTesting.py#0">...\SeleniumBrowserTesting.py</a></div><br><br><p class="problem-description-group">Problem synopsis</p><div class="problem-description"><div class="problem-description"><ul><li>Triple double-quoted strings should be used for docstrings. (at line <a HREF="file://C:/Users/dprui/OneDrive/Documents/Git Repos/Achievers/IntegrationTestingPython/SeleniumBrowserTesting.py#0">1</a>)<br><br></li><li>Triple double-quoted strings should be used for docstrings. (at line <a HREF="file://C:/Users/dprui/OneDrive/Documents/Git Repos/Achievers/IntegrationTestingPython/SeleniumBrowserTesting.py#110">5</a>)<br><br></li></ul><table cellpadding="0" border="0" cellspacing="0"><tr><td>&nbsp;</td></tr></table></div></div></div><ol class="tree"></ol></li><li><label for="1687183348"><span style="margin:1px;">WEAK WARNING</span>&nbsp;Triple&nbsp;double&#8209;quoted&nbsp;strings&nbsp;should&nbsp;be&nbsp;used&nbsp;for&nbsp;docstrings.&nbsp;<span class="grayout"></span></label><input type="checkbox"  onclick="navigate(1687183348)"  id="1687183348" /><div id="d1687183348" style="display:none"><p class="problem-description-group">Location</p><div class="location"><b>SeleniumBrowserTesting.py</b><br>in file&nbsp;<a HREF="file://C:/Users/dprui/OneDrive/Documents/Git Repos/Achievers/IntegrationTestingPython/SeleniumBrowserTesting.py#0">...\SeleniumBrowserTesting.py</a></div><br><br><p class="problem-description-group">Problem synopsis</p><div class="problem-description"><div class="problem-description"><ul><li>Triple double-quoted strings should be used for docstrings. (at line <a HREF="file://C:/Users/dprui/OneDrive/Documents/Git Repos/Achievers/IntegrationTestingPython/SeleniumBrowserTesting.py#0">1</a>)<br><br></li><li>Triple double-quoted strings should be used for docstrings. (at line <a HREF="file://C:/Users/dprui/OneDrive/Documents/Git Repos/Achievers/IntegrationTestingPython/SeleniumBrowserTesting.py#110">5</a>)<br><br></li></ul><table cellpadding="0" border="0" cellspacing="0"><tr><td>&nbsp;</td></tr></table></div></div></div><ol class="tree"></ol></li></ol></li></ol></li><li><label for="2112602309"><b>Too&nbsp;broad&nbsp;exception&nbsp;clauses</b>&nbsp;inspection&nbsp;<span class="grayout">&nbsp;&nbsp;1&nbsp;weak&nbsp;warning&nbsp;</span></label><input type="checkbox"  onclick="navigate(2112602309)"  id="2112602309" /><ol class="tree"><li><label for="1094181566">file&nbsp;<b>test_achievers_site.py</b>&nbsp;<span class="grayout">&nbsp;&nbsp;1&nbsp;weak&nbsp;warning&nbsp;</span></label><input type="checkbox"  onclick="navigate(1094181566)"  id="1094181566" /><div id="d1094181566" style="display:none"><p class="problem-description-group">Location</p><div class="location"><b>test_achievers_site.py</b><br>in file&nbsp;<a HREF="file://C:/Users/dprui/OneDrive/Documents/Git Repos/Achievers/IntegrationTestingPython/test_achievers_site.py#0">...\test_achievers_site.py</a></div><br><br><p class="problem-description-group">Problem synopsis</p><div class="problem-description"><div class="problem-description"><ul><li>Too broad exception clause (at line <a HREF="file://C:/Users/dprui/OneDrive/Documents/Git Repos/Achievers/IntegrationTestingPython/test_achievers_site.py#13523">291</a>)<br><br></li></ul><table cellpadding="0" border="0" cellspacing="0"><tr><td>&nbsp;</td></tr></table></div></div></div><ol class="tree"><li><label for="15442260"><span style="margin:1px;">WEAK WARNING</span>&nbsp;Too&nbsp;broad&nbsp;exception&nbsp;clause&nbsp;<span class="grayout"></span></label><input type="checkbox"  onclick="navigate(15442260)"  id="15442260" /><div id="d15442260" style="display:none"><p class="problem-description-group">Location</p><div class="location"><b>test_achievers_site.py</b><br>in file&nbsp;<a HREF="file://C:/Users/dprui/OneDrive/Documents/Git Repos/Achievers/IntegrationTestingPython/test_achievers_site.py#0">...\test_achievers_site.py</a></div><br><br><p class="problem-description-group">Problem synopsis</p><div class="problem-description"><div class="problem-description"><ul><li>Too broad exception clause (at line <a HREF="file://C:/Users/dprui/OneDrive/Documents/Git Repos/Achievers/IntegrationTestingPython/test_achievers_site.py#13523">291</a>)<br><br></li></ul><table cellpadding="0" border="0" cellspacing="0"><tr><td>&nbsp;</td></tr></table></div></div></div><ol class="tree"></ol></li></ol></li></ol></li><li><label for="870387835"><b>Type&nbsp;checker</b>&nbsp;inspection&nbsp;<span class="grayout">&nbsp;&nbsp;3&nbsp;warnings&nbsp;</span></label><input type="checkbox"  onclick="navigate(870387835)"  id="870387835" /><ol class="tree"><li><label for="1785971462">file&nbsp;<b>test_achievers_site.py</b>&nbsp;<span class="grayout">&nbsp;&nbsp;3&nbsp;warnings&nbsp;</span></label><input type="checkbox"  onclick="navigate(1785971462)"  id="1785971462" /><div id="d1785971462" style="display:none"><p class="problem-description-group">Location</p><div class="location"><b>test_achievers_site.py</b><br>in file&nbsp;<a HREF="file://C:/Users/dprui/OneDrive/Documents/Git Repos/Achievers/IntegrationTestingPython/test_achievers_site.py#0">...\test_achievers_site.py</a></div><br><br><p class="problem-description-group">Problem synopsis</p><div class="problem-description"><div class="problem-description"><ul><li>Expected type 'str', got 'Logger' instead (at line <a HREF="file://C:/Users/dprui/OneDrive/Documents/Git Repos/Achievers/IntegrationTestingPython/test_achievers_site.py#741">23</a>)<br><br></li><li>Expected type 'str', got 'AssertionError' instead (at line <a HREF="file://C:/Users/dprui/OneDrive/Documents/Git Repos/Achievers/IntegrationTestingPython/test_achievers_site.py#11261">250</a>)<br><br></li><li>Expected type 'str', got 'Exception' instead (at line <a HREF="file://C:/Users/dprui/OneDrive/Documents/Git Repos/Achievers/IntegrationTestingPython/test_achievers_site.py#11368">253</a>)<br><br></li></ul><table cellpadding="0" border="0" cellspacing="0"><tr><td>&nbsp;</td></tr></table></div></div></div><ol class="tree"><li><label for="137060163"><span style="margin:1px;background:#f2f794">WARNING</span>&nbsp;Expected&nbsp;type&nbsp;&#39;str&#39;,&nbsp;got&nbsp;&#39;Logger&#39;&nbsp;instead&nbsp;<span class="grayout"></span></label><input type="checkbox"  onclick="navigate(137060163)"  id="137060163" /><div id="d137060163" style="display:none"><p class="problem-description-group">Location</p><div class="location"><b>test_achievers_site.py</b><br>in file&nbsp;<a HREF="file://C:/Users/dprui/OneDrive/Documents/Git Repos/Achievers/IntegrationTestingPython/test_achievers_site.py#0">...\test_achievers_site.py</a></div><br><br><p class="problem-description-group">Problem synopsis</p><div class="problem-description"><div class="problem-description"><ul><li>Expected type 'str', got 'Logger' instead (at line <a HREF="file://C:/Users/dprui/OneDrive/Documents/Git Repos/Achievers/IntegrationTestingPython/test_achievers_site.py#741">23</a>)<br><br></li><li>Expected type 'str', got 'AssertionError' instead (at line <a HREF="file://C:/Users/dprui/OneDrive/Documents/Git Repos/Achievers/IntegrationTestingPython/test_achievers_site.py#11261">250</a>)<br><br></li><li>Expected type 'str', got 'Exception' instead (at line <a HREF="file://C:/Users/dprui/OneDrive/Documents/Git Repos/Achievers/IntegrationTestingPython/test_achievers_site.py#11368">253</a>)<br><br></li></ul><table cellpadding="0" border="0" cellspacing="0"><tr><td>&nbsp;</td></tr></table></div></div></div><ol class="tree"></ol></li><li><label for="374552067"><span style="margin:1px;background:#f2f794">WARNING</span>&nbsp;Expected&nbsp;type&nbsp;&#39;str&#39;,&nbsp;got&nbsp;&#39;AssertionError&#39;&nbsp;instead&nbsp;<span class="grayout"></span></label><input type="checkbox"  onclick="navigate(374552067)"  id="374552067" /><div id="d374552067" style="display:none"><p class="problem-description-group">Location</p><div class="location"><b>test_achievers_site.py</b><br>in file&nbsp;<a HREF="file://C:/Users/dprui/OneDrive/Documents/Git Repos/Achievers/IntegrationTestingPython/test_achievers_site.py#0">...\test_achievers_site.py</a></div><br><br><p class="problem-description-group">Problem synopsis</p><div class="problem-description"><div class="problem-description"><ul><li>Expected type 'str', got 'Logger' instead (at line <a HREF="file://C:/Users/dprui/OneDrive/Documents/Git Repos/Achievers/IntegrationTestingPython/test_achievers_site.py#741">23</a>)<br><br></li><li>Expected type 'str', got 'AssertionError' instead (at line <a HREF="file://C:/Users/dprui/OneDrive/Documents/Git Repos/Achievers/IntegrationTestingPython/test_achievers_site.py#11261">250</a>)<br><br></li><li>Expected type 'str', got 'Exception' instead (at line <a HREF="file://C:/Users/dprui/OneDrive/Documents/Git Repos/Achievers/IntegrationTestingPython/test_achievers_site.py#11368">253</a>)<br><br></li></ul><table cellpadding="0" border="0" cellspacing="0"><tr><td>&nbsp;</td></tr></table></div></div></div><ol class="tree"></ol></li><li><label for="810497649"><span style="margin:1px;background:#f2f794">WARNING</span>&nbsp;Expected&nbsp;type&nbsp;&#39;str&#39;,&nbsp;got&nbsp;&#39;Exception&#39;&nbsp;instead&nbsp;<span class="grayout"></span></label><input type="checkbox"  onclick="navigate(810497649)"  id="810497649" /><div id="d810497649" style="display:none"><p class="problem-description-group">Location</p><div class="location"><b>test_achievers_site.py</b><br>in file&nbsp;<a HREF="file://C:/Users/dprui/OneDrive/Documents/Git Repos/Achievers/IntegrationTestingPython/test_achievers_site.py#0">...\test_achievers_site.py</a></div><br><br><p class="problem-description-group">Problem synopsis</p><div class="problem-description"><div class="problem-description"><ul><li>Expected type 'str', got 'Logger' instead (at line <a HREF="file://C:/Users/dprui/OneDrive/Documents/Git Repos/Achievers/IntegrationTestingPython/test_achievers_site.py#741">23</a>)<br><br></li><li>Expected type 'str', got 'AssertionError' instead (at line <a HREF="file://C:/Users/dprui/OneDrive/Documents/Git Repos/Achievers/IntegrationTestingPython/test_achievers_site.py#11261">250</a>)<br><br></li><li>Expected type 'str', got 'Exception' instead (at line <a HREF="file://C:/Users/dprui/OneDrive/Documents/Git Repos/Achievers/IntegrationTestingPython/test_achievers_site.py#11368">253</a>)<br><br></li></ul><table cellpadding="0" border="0" cellspacing="0"><tr><td>&nbsp;</td></tr></table></div></div></div><ol class="tree"></ol></li></ol></li></ol></li><li><label for="1705875986"><b>Unbound&nbsp;local&nbsp;variable</b>&nbsp;inspection&nbsp;<span class="grayout">&nbsp;&nbsp;2&nbsp;warnings&nbsp;</span></label><input type="checkbox"  onclick="navigate(1705875986)"  id="1705875986" /><ol class="tree"><li><label for="460432907">file&nbsp;<b>test_achievers_site.py</b>&nbsp;<span class="grayout">&nbsp;&nbsp;2&nbsp;warnings&nbsp;</span></label><input type="checkbox"  onclick="navigate(460432907)"  id="460432907" /><div id="d460432907" style="display:none"><p class="problem-description-group">Location</p><div class="location"><b>test_achievers_site.py</b><br>in file&nbsp;<a HREF="file://C:/Users/dprui/OneDrive/Documents/Git Repos/Achievers/IntegrationTestingPython/test_achievers_site.py#0">...\test_achievers_site.py</a></div><br><br><p class="problem-description-group">Problem synopsis</p><div class="problem-description"><div class="problem-description"><ul><li>Local variable 't' might be referenced before assignment (at line <a HREF="file://C:/Users/dprui/OneDrive/Documents/Git Repos/Achievers/IntegrationTestingPython/test_achievers_site.py#12816">280</a>)<br><br></li><li>Local variable 'twt_id_str' might be referenced before assignment (at line <a HREF="file://C:/Users/dprui/OneDrive/Documents/Git Repos/Achievers/IntegrationTestingPython/test_achievers_site.py#14179">303</a>)<br><br></li></ul><table cellpadding="0" border="0" cellspacing="0"><tr><td>&nbsp;</td></tr></table></div></div></div><ol class="tree"><li><label for="1179473200"><span style="margin:1px;background:#f2f794">WARNING</span>&nbsp;Local&nbsp;variable&nbsp;&#39;t&#39;&nbsp;might&nbsp;be&nbsp;referenced&nbsp;before&nbsp;assignment&nbsp;<span class="grayout"></span></label><input type="checkbox"  onclick="navigate(1179473200)"  id="1179473200" /><div id="d1179473200" style="display:none"><p class="problem-description-group">Location</p><div class="location"><b>test_achievers_site.py</b><br>in file&nbsp;<a HREF="file://C:/Users/dprui/OneDrive/Documents/Git Repos/Achievers/IntegrationTestingPython/test_achievers_site.py#0">...\test_achievers_site.py</a></div><br><br><p class="problem-description-group">Problem synopsis</p><div class="problem-description"><div class="problem-description"><ul><li>Local variable 't' might be referenced before assignment (at line <a HREF="file://C:/Users/dprui/OneDrive/Documents/Git Repos/Achievers/IntegrationTestingPython/test_achievers_site.py#12816">280</a>)<br><br></li><li>Local variable 'twt_id_str' might be referenced before assignment (at line <a HREF="file://C:/Users/dprui/OneDrive/Documents/Git Repos/Achievers/IntegrationTestingPython/test_achievers_site.py#14179">303</a>)<br><br></li></ul><table cellpadding="0" border="0" cellspacing="0"><tr><td>&nbsp;</td></tr></table></div></div></div><ol class="tree"></ol></li><li><label for="356481556"><span style="margin:1px;background:#f2f794">WARNING</span>&nbsp;Local&nbsp;variable&nbsp;&#39;twt_id_str&#39;&nbsp;might&nbsp;be&nbsp;referenced&nbsp;before&nbsp;assignment&nbsp;<span class="grayout"></span></label><input type="checkbox"  onclick="navigate(356481556)"  id="356481556" /><div id="d356481556" style="display:none"><p class="problem-description-group">Location</p><div class="location"><b>test_achievers_site.py</b><br>in file&nbsp;<a HREF="file://C:/Users/dprui/OneDrive/Documents/Git Repos/Achievers/IntegrationTestingPython/test_achievers_site.py#0">...\test_achievers_site.py</a></div><br><br><p class="problem-description-group">Problem synopsis</p><div class="problem-description"><div class="problem-description"><ul><li>Local variable 't' might be referenced before assignment (at line <a HREF="file://C:/Users/dprui/OneDrive/Documents/Git Repos/Achievers/IntegrationTestingPython/test_achievers_site.py#12816">280</a>)<br><br></li><li>Local variable 'twt_id_str' might be referenced before assignment (at line <a HREF="file://C:/Users/dprui/OneDrive/Documents/Git Repos/Achievers/IntegrationTestingPython/test_achievers_site.py#14179">303</a>)<br><br></li></ul><table cellpadding="0" border="0" cellspacing="0"><tr><td>&nbsp;</td></tr></table></div></div></div><ol class="tree"></ol></li></ol></li></ol></li><li><label for="556166685"><b>Unreachable&nbsp;code</b>&nbsp;inspection&nbsp;<span class="grayout">&nbsp;&nbsp;1&nbsp;warning&nbsp;</span></label><input type="checkbox"  onclick="navigate(556166685)"  id="556166685" /><ol class="tree"><li><label for="1343134348">file&nbsp;<b>test_achievers_site.py</b>&nbsp;<span class="grayout">&nbsp;&nbsp;1&nbsp;warning&nbsp;</span></label><input type="checkbox"  onclick="navigate(1343134348)"  id="1343134348" /><div id="d1343134348" style="display:none"><p class="problem-description-group">Location</p><div class="location"><b>test_achievers_site.py</b><br>in file&nbsp;<a HREF="file://C:/Users/dprui/OneDrive/Documents/Git Repos/Achievers/IntegrationTestingPython/test_achievers_site.py#0">...\test_achievers_site.py</a></div><br><br><p class="problem-description-group">Problem synopsis</p><div class="problem-description"><div class="problem-description"><ul><li>This code is unreachable (at line <a HREF="file://C:/Users/dprui/OneDrive/Documents/Git Repos/Achievers/IntegrationTestingPython/test_achievers_site.py#7056">169</a>)<br><br></li></ul><table cellpadding="0" border="0" cellspacing="0"><tr><td>&nbsp;</td></tr></table></div></div></div><ol class="tree"><li><label for="30408898"><span style="margin:1px;background:#f2f794">WARNING</span>&nbsp;This&nbsp;code&nbsp;is&nbsp;unreachable&nbsp;<span class="grayout"></span></label><input type="checkbox"  onclick="navigate(30408898)"  id="30408898" /><div id="d30408898" style="display:none"><p class="problem-description-group">Location</p><div class="location"><b>test_achievers_site.py</b><br>in file&nbsp;<a HREF="file://C:/Users/dprui/OneDrive/Documents/Git Repos/Achievers/IntegrationTestingPython/test_achievers_site.py#0">...\test_achievers_site.py</a></div><br><br><p class="problem-description-group">Problem synopsis</p><div class="problem-description"><div class="problem-description"><ul><li>This code is unreachable (at line <a HREF="file://C:/Users/dprui/OneDrive/Documents/Git Repos/Achievers/IntegrationTestingPython/test_achievers_site.py#7056">169</a>)<br><br></li></ul><table cellpadding="0" border="0" cellspacing="0"><tr><td>&nbsp;</td></tr></table></div></div></div><ol class="tree"></ol></li></ol></li></ol></li><li><label for="1247548087"><b>Unresolved&nbsp;references</b>&nbsp;inspection&nbsp;<span class="grayout">&nbsp;&nbsp;7&nbsp;warnings&nbsp;</span></label><input type="checkbox"  onclick="navigate(1247548087)"  id="1247548087" /><ol class="tree"><li><label for="1169554261">file&nbsp;<b>SeleniumBrowserTesting.py</b>&nbsp;<span class="grayout">&nbsp;&nbsp;2&nbsp;warnings&nbsp;</span></label><input type="checkbox"  onclick="navigate(1169554261)"  id="1169554261" /><div id="d1169554261" style="display:none"><p class="problem-description-group">Location</p><div class="location"><b>SeleniumBrowserTesting.py</b><br>in file&nbsp;<a HREF="file://C:/Users/dprui/OneDrive/Documents/Git Repos/Achievers/IntegrationTestingPython/SeleniumBrowserTesting.py#0">...\SeleniumBrowserTesting.py</a></div><br><br><p class="problem-description-group">Problem synopsis</p><div class="problem-description"><div class="problem-description"><ul><li>Unused import statement (at line <a HREF="file://C:/Users/dprui/OneDrive/Documents/Git Repos/Achievers/IntegrationTestingPython/SeleniumBrowserTesting.py#194">9</a>)<br><br></li><li>Unused import statement (at line <a HREF="file://C:/Users/dprui/OneDrive/Documents/Git Repos/Achievers/IntegrationTestingPython/SeleniumBrowserTesting.py#146">8</a>)<br><br></li></ul><table cellpadding="0" border="0" cellspacing="0"><tr><td>&nbsp;</td></tr></table></div></div></div><ol class="tree"><li><label for="764262113"><span style="margin:1px;background:#f2f794">WARNING</span>&nbsp;Unused&nbsp;import&nbsp;statement&nbsp;<span class="grayout"></span></label><input type="checkbox"  onclick="navigate(764262113)"  id="764262113" /><div id="d764262113" style="display:none"><p class="problem-description-group">Location</p><div class="location"><b>SeleniumBrowserTesting.py</b><br>in file&nbsp;<a HREF="file://C:/Users/dprui/OneDrive/Documents/Git Repos/Achievers/IntegrationTestingPython/SeleniumBrowserTesting.py#0">...\SeleniumBrowserTesting.py</a></div><br><br><p class="problem-description-group">Problem synopsis</p><div class="problem-description"><div class="problem-description"><ul><li>Unused import statement (at line <a HREF="file://C:/Users/dprui/OneDrive/Documents/Git Repos/Achievers/IntegrationTestingPython/SeleniumBrowserTesting.py#194">9</a>)<br><br></li><li>Unused import statement (at line <a HREF="file://C:/Users/dprui/OneDrive/Documents/Git Repos/Achievers/IntegrationTestingPython/SeleniumBrowserTesting.py#146">8</a>)<br><br></li></ul><table cellpadding="0" border="0" cellspacing="0"><tr><td>&nbsp;</td></tr></table></div></div></div><ol class="tree"></ol></li><li><label for="1137836019"><span style="margin:1px;background:#f2f794">WARNING</span>&nbsp;Unused&nbsp;import&nbsp;statement&nbsp;<span class="grayout"></span></label><input type="checkbox"  onclick="navigate(1137836019)"  id="1137836019" /><div id="d1137836019" style="display:none"><p class="problem-description-group">Location</p><div class="location"><b>SeleniumBrowserTesting.py</b><br>in file&nbsp;<a HREF="file://C:/Users/dprui/OneDrive/Documents/Git Repos/Achievers/IntegrationTestingPython/SeleniumBrowserTesting.py#0">...\SeleniumBrowserTesting.py</a></div><br><br><p class="problem-description-group">Problem synopsis</p><div class="problem-description"><div class="problem-description"><ul><li>Unused import statement (at line <a HREF="file://C:/Users/dprui/OneDrive/Documents/Git Repos/Achievers/IntegrationTestingPython/SeleniumBrowserTesting.py#194">9</a>)<br><br></li><li>Unused import statement (at line <a HREF="file://C:/Users/dprui/OneDrive/Documents/Git Repos/Achievers/IntegrationTestingPython/SeleniumBrowserTesting.py#146">8</a>)<br><br></li></ul><table cellpadding="0" border="0" cellspacing="0"><tr><td>&nbsp;</td></tr></table></div></div></div><ol class="tree"></ol></li></ol></li><li><label for="870043827">file&nbsp;<b>test_achievers_site.py</b>&nbsp;<span class="grayout">&nbsp;&nbsp;5&nbsp;warnings&nbsp;</span></label><input type="checkbox"  onclick="navigate(870043827)"  id="870043827" /><div id="d870043827" style="display:none"><p class="problem-description-group">Location</p><div class="location"><b>test_achievers_site.py</b><br>in file&nbsp;<a HREF="file://C:/Users/dprui/OneDrive/Documents/Git Repos/Achievers/IntegrationTestingPython/test_achievers_site.py#0">...\test_achievers_site.py</a></div><br><br><p class="problem-description-group">Problem synopsis</p><div class="problem-description"><div class="problem-description"><ul><li>Unused import statement (at line <a HREF="file://C:/Users/dprui/OneDrive/Documents/Git Repos/Achievers/IntegrationTestingPython/test_achievers_site.py#28">2</a>)<br><br></li><li>Unused import statement (at line <a HREF="file://C:/Users/dprui/OneDrive/Documents/Git Repos/Achievers/IntegrationTestingPython/test_achievers_site.py#86">6</a>)<br><br></li><li>Unused import statement (at line <a HREF="file://C:/Users/dprui/OneDrive/Documents/Git Repos/Achievers/IntegrationTestingPython/test_achievers_site.py#42">3</a>)<br><br></li><li>Unused import statement (at line <a HREF="file://C:/Users/dprui/OneDrive/Documents/Git Repos/Achievers/IntegrationTestingPython/test_achievers_site.py#74">5</a>)<br><br></li><li>Unused import statement (at line <a HREF="file://C:/Users/dprui/OneDrive/Documents/Git Repos/Achievers/IntegrationTestingPython/test_achievers_site.py#391">12</a>)<br><br></li></ul><table cellpadding="0" border="0" cellspacing="0"><tr><td>&nbsp;</td></tr></table></div></div></div><ol class="tree"><li><label for="18095171"><span style="margin:1px;background:#f2f794">WARNING</span>&nbsp;Unused&nbsp;import&nbsp;statement&nbsp;<span class="grayout"></span></label><input type="checkbox"  onclick="navigate(18095171)"  id="18095171" /><div id="d18095171" style="display:none"><p class="problem-description-group">Location</p><div class="location"><b>test_achievers_site.py</b><br>in file&nbsp;<a HREF="file://C:/Users/dprui/OneDrive/Documents/Git Repos/Achievers/IntegrationTestingPython/test_achievers_site.py#0">...\test_achievers_site.py</a></div><br><br><p class="problem-description-group">Problem synopsis</p><div class="problem-description"><div class="problem-description"><ul><li>Unused import statement (at line <a HREF="file://C:/Users/dprui/OneDrive/Documents/Git Repos/Achievers/IntegrationTestingPython/test_achievers_site.py#28">2</a>)<br><br></li><li>Unused import statement (at line <a HREF="file://C:/Users/dprui/OneDrive/Documents/Git Repos/Achievers/IntegrationTestingPython/test_achievers_site.py#86">6</a>)<br><br></li><li>Unused import statement (at line <a HREF="file://C:/Users/dprui/OneDrive/Documents/Git Repos/Achievers/IntegrationTestingPython/test_achievers_site.py#42">3</a>)<br><br></li><li>Unused import statement (at line <a HREF="file://C:/Users/dprui/OneDrive/Documents/Git Repos/Achievers/IntegrationTestingPython/test_achievers_site.py#74">5</a>)<br><br></li><li>Unused import statement (at line <a HREF="file://C:/Users/dprui/OneDrive/Documents/Git Repos/Achievers/IntegrationTestingPython/test_achievers_site.py#391">12</a>)<br><br></li></ul><table cellpadding="0" border="0" cellspacing="0"><tr><td>&nbsp;</td></tr></table></div></div></div><ol class="tree"></ol></li><li><label for="1266833640"><span style="margin:1px;background:#f2f794">WARNING</span>&nbsp;Unused&nbsp;import&nbsp;statement&nbsp;<span class="grayout"></span></label><input type="checkbox"  onclick="navigate(1266833640)"  id="1266833640" /><div id="d1266833640" style="display:none"><p class="problem-description-group">Location</p><div class="location"><b>test_achievers_site.py</b><br>in file&nbsp;<a HREF="file://C:/Users/dprui/OneDrive/Documents/Git Repos/Achievers/IntegrationTestingPython/test_achievers_site.py#0">...\test_achievers_site.py</a></div><br><br><p class="problem-description-group">Problem synopsis</p><div class="problem-description"><div class="problem-description"><ul><li>Unused import statement (at line <a HREF="file://C:/Users/dprui/OneDrive/Documents/Git Repos/Achievers/IntegrationTestingPython/test_achievers_site.py#28">2</a>)<br><br></li><li>Unused import statement (at line <a HREF="file://C:/Users/dprui/OneDrive/Documents/Git Repos/Achievers/IntegrationTestingPython/test_achievers_site.py#86">6</a>)<br><br></li><li>Unused import statement (at line <a HREF="file://C:/Users/dprui/OneDrive/Documents/Git Repos/Achievers/IntegrationTestingPython/test_achievers_site.py#42">3</a>)<br><br></li><li>Unused import statement (at line <a HREF="file://C:/Users/dprui/OneDrive/Documents/Git Repos/Achievers/IntegrationTestingPython/test_achievers_site.py#74">5</a>)<br><br></li><li>Unused import statement (at line <a HREF="file://C:/Users/dprui/OneDrive/Documents/Git Repos/Achievers/IntegrationTestingPython/test_achievers_site.py#391">12</a>)<br><br></li></ul><table cellpadding="0" border="0" cellspacing="0"><tr><td>&nbsp;</td></tr></table></div></div></div><ol class="tree"></ol></li><li><label for="1171659727"><span style="margin:1px;background:#f2f794">WARNING</span>&nbsp;Unused&nbsp;import&nbsp;statement&nbsp;<span class="grayout"></span></label><input type="checkbox"  onclick="navigate(1171659727)"  id="1171659727" /><div id="d1171659727" style="display:none"><p class="problem-description-group">Location</p><div class="location"><b>test_achievers_site.py</b><br>in file&nbsp;<a HREF="file://C:/Users/dprui/OneDrive/Documents/Git Repos/Achievers/IntegrationTestingPython/test_achievers_site.py#0">...\test_achievers_site.py</a></div><br><br><p class="problem-description-group">Problem synopsis</p><div class="problem-description"><div class="problem-description"><ul><li>Unused import statement (at line <a HREF="file://C:/Users/dprui/OneDrive/Documents/Git Repos/Achievers/IntegrationTestingPython/test_achievers_site.py#28">2</a>)<br><br></li><li>Unused import statement (at line <a HREF="file://C:/Users/dprui/OneDrive/Documents/Git Repos/Achievers/IntegrationTestingPython/test_achievers_site.py#86">6</a>)<br><br></li><li>Unused import statement (at line <a HREF="file://C:/Users/dprui/OneDrive/Documents/Git Repos/Achievers/IntegrationTestingPython/test_achievers_site.py#42">3</a>)<br><br></li><li>Unused import statement (at line <a HREF="file://C:/Users/dprui/OneDrive/Documents/Git Repos/Achievers/IntegrationTestingPython/test_achievers_site.py#74">5</a>)<br><br></li><li>Unused import statement (at line <a HREF="file://C:/Users/dprui/OneDrive/Documents/Git Repos/Achievers/IntegrationTestingPython/test_achievers_site.py#391">12</a>)<br><br></li></ul><table cellpadding="0" border="0" cellspacing="0"><tr><td>&nbsp;</td></tr></table></div></div></div><ol class="tree"></ol></li><li><label for="132555234"><span style="margin:1px;background:#f2f794">WARNING</span>&nbsp;Unused&nbsp;import&nbsp;statement&nbsp;<span class="grayout"></span></label><input type="checkbox"  onclick="navigate(132555234)"  id="132555234" /><div id="d132555234" style="display:none"><p class="problem-description-group">Location</p><div class="location"><b>test_achievers_site.py</b><br>in file&nbsp;<a HREF="file://C:/Users/dprui/OneDrive/Documents/Git Repos/Achievers/IntegrationTestingPython/test_achievers_site.py#0">...\test_achievers_site.py</a></div><br><br><p class="problem-description-group">Problem synopsis</p><div class="problem-description"><div class="problem-description"><ul><li>Unused import statement (at line <a HREF="file://C:/Users/dprui/OneDrive/Documents/Git Repos/Achievers/IntegrationTestingPython/test_achievers_site.py#28">2</a>)<br><br></li><li>Unused import statement (at line <a HREF="file://C:/Users/dprui/OneDrive/Documents/Git Repos/Achievers/IntegrationTestingPython/test_achievers_site.py#86">6</a>)<br><br></li><li>Unused import statement (at line <a HREF="file://C:/Users/dprui/OneDrive/Documents/Git Repos/Achievers/IntegrationTestingPython/test_achievers_site.py#42">3</a>)<br><br></li><li>Unused import statement (at line <a HREF="file://C:/Users/dprui/OneDrive/Documents/Git Repos/Achievers/IntegrationTestingPython/test_achievers_site.py#74">5</a>)<br><br></li><li>Unused import statement (at line <a HREF="file://C:/Users/dprui/OneDrive/Documents/Git Repos/Achievers/IntegrationTestingPython/test_achievers_site.py#391">12</a>)<br><br></li></ul><table cellpadding="0" border="0" cellspacing="0"><tr><td>&nbsp;</td></tr></table></div></div></div><ol class="tree"></ol></li><li><label for="1541880752"><span style="margin:1px;background:#f2f794">WARNING</span>&nbsp;Unused&nbsp;import&nbsp;statement&nbsp;<span class="grayout"></span></label><input type="checkbox"  onclick="navigate(1541880752)"  id="1541880752" /><div id="d1541880752" style="display:none"><p class="problem-description-group">Location</p><div class="location"><b>test_achievers_site.py</b><br>in file&nbsp;<a HREF="file://C:/Users/dprui/OneDrive/Documents/Git Repos/Achievers/IntegrationTestingPython/test_achievers_site.py#0">...\test_achievers_site.py</a></div><br><br><p class="problem-description-group">Problem synopsis</p><div class="problem-description"><div class="problem-description"><ul><li>Unused import statement (at line <a HREF="file://C:/Users/dprui/OneDrive/Documents/Git Repos/Achievers/IntegrationTestingPython/test_achievers_site.py#28">2</a>)<br><br></li><li>Unused import statement (at line <a HREF="file://C:/Users/dprui/OneDrive/Documents/Git Repos/Achievers/IntegrationTestingPython/test_achievers_site.py#86">6</a>)<br><br></li><li>Unused import statement (at line <a HREF="file://C:/Users/dprui/OneDrive/Documents/Git Repos/Achievers/IntegrationTestingPython/test_achievers_site.py#42">3</a>)<br><br></li><li>Unused import statement (at line <a HREF="file://C:/Users/dprui/OneDrive/Documents/Git Repos/Achievers/IntegrationTestingPython/test_achievers_site.py#74">5</a>)<br><br></li><li>Unused import statement (at line <a HREF="file://C:/Users/dprui/OneDrive/Documents/Git Repos/Achievers/IntegrationTestingPython/test_achievers_site.py#391">12</a>)<br><br></li></ul><table cellpadding="0" border="0" cellspacing="0"><tr><td>&nbsp;</td></tr></table></div></div></div><ol class="tree"></ol></li></ol></li></ol></li><li><label for="799078094"><b>Unused&nbsp;local</b>&nbsp;inspection&nbsp;<span class="grayout">&nbsp;&nbsp;3&nbsp;weak&nbsp;warnings&nbsp;</span></label><input type="checkbox"  onclick="navigate(799078094)"  id="799078094" /><ol class="tree"><li><label for="1809541769">file&nbsp;<b>test_achievers_site.py</b>&nbsp;<span class="grayout">&nbsp;&nbsp;3&nbsp;weak&nbsp;warnings&nbsp;</span></label><input type="checkbox"  onclick="navigate(1809541769)"  id="1809541769" /><div id="d1809541769" style="display:none"><p class="problem-description-group">Location</p><div class="location"><b>test_achievers_site.py</b><br>in file&nbsp;<a HREF="file://C:/Users/dprui/OneDrive/Documents/Git Repos/Achievers/IntegrationTestingPython/test_achievers_site.py#0">...\test_achievers_site.py</a></div><br><br><p class="problem-description-group">Problem synopsis</p><div class="problem-description"><div class="problem-description"><ul><li>Parameter 'method' value is not used (at line <a HREF="file://C:/Users/dprui/OneDrive/Documents/Git Repos/Achievers/IntegrationTestingPython/test_achievers_site.py#1435">45</a>)<br><br></li><li>Parameter 'method' value is not used (at line <a HREF="file://C:/Users/dprui/OneDrive/Documents/Git Repos/Achievers/IntegrationTestingPython/test_achievers_site.py#2375">72</a>)<br><br></li><li>Local variable 'e' value is not used (at line <a HREF="file://C:/Users/dprui/OneDrive/Documents/Git Repos/Achievers/IntegrationTestingPython/test_achievers_site.py#4071">108</a>)<br><br></li></ul><table cellpadding="0" border="0" cellspacing="0"><tr><td>&nbsp;</td></tr></table></div></div></div><ol class="tree"><li><label for="89805372"><span style="margin:1px;">WEAK WARNING</span>&nbsp;Parameter&nbsp;&#39;method&#39;&nbsp;value&nbsp;is&nbsp;not&nbsp;used&nbsp;<span class="grayout"></span></label><input type="checkbox"  onclick="navigate(89805372)"  id="89805372" /><div id="d89805372" style="display:none"><p class="problem-description-group">Location</p><div class="location"><b>test_achievers_site.py</b><br>in file&nbsp;<a HREF="file://C:/Users/dprui/OneDrive/Documents/Git Repos/Achievers/IntegrationTestingPython/test_achievers_site.py#0">...\test_achievers_site.py</a></div><br><br><p class="problem-description-group">Problem synopsis</p><div class="problem-description"><div class="problem-description"><ul><li>Parameter 'method' value is not used (at line <a HREF="file://C:/Users/dprui/OneDrive/Documents/Git Repos/Achievers/IntegrationTestingPython/test_achievers_site.py#1435">45</a>)<br><br></li><li>Parameter 'method' value is not used (at line <a HREF="file://C:/Users/dprui/OneDrive/Documents/Git Repos/Achievers/IntegrationTestingPython/test_achievers_site.py#2375">72</a>)<br><br></li><li>Local variable 'e' value is not used (at line <a HREF="file://C:/Users/dprui/OneDrive/Documents/Git Repos/Achievers/IntegrationTestingPython/test_achievers_site.py#4071">108</a>)<br><br></li></ul><table cellpadding="0" border="0" cellspacing="0"><tr><td>&nbsp;</td></tr></table></div></div></div><ol class="tree"></ol></li><li><label for="1760817015"><span style="margin:1px;">WEAK WARNING</span>&nbsp;Parameter&nbsp;&#39;method&#39;&nbsp;value&nbsp;is&nbsp;not&nbsp;used&nbsp;<span class="grayout"></span></label><input type="checkbox"  onclick="navigate(1760817015)"  id="1760817015" /><div id="d1760817015" style="display:none"><p class="problem-description-group">Location</p><div class="location"><b>test_achievers_site.py</b><br>in file&nbsp;<a HREF="file://C:/Users/dprui/OneDrive/Documents/Git Repos/Achievers/IntegrationTestingPython/test_achievers_site.py#0">...\test_achievers_site.py</a></div><br><br><p class="problem-description-group">Problem synopsis</p><div class="problem-description"><div class="problem-description"><ul><li>Parameter 'method' value is not used (at line <a HREF="file://C:/Users/dprui/OneDrive/Documents/Git Repos/Achievers/IntegrationTestingPython/test_achievers_site.py#1435">45</a>)<br><br></li><li>Parameter 'method' value is not used (at line <a HREF="file://C:/Users/dprui/OneDrive/Documents/Git Repos/Achievers/IntegrationTestingPython/test_achievers_site.py#2375">72</a>)<br><br></li><li>Local variable 'e' value is not used (at line <a HREF="file://C:/Users/dprui/OneDrive/Documents/Git Repos/Achievers/IntegrationTestingPython/test_achievers_site.py#4071">108</a>)<br><br></li></ul><table cellpadding="0" border="0" cellspacing="0"><tr><td>&nbsp;</td></tr></table></div></div></div><ol class="tree"></ol></li><li><label for="265301333"><span style="margin:1px;">WEAK WARNING</span>&nbsp;Local&nbsp;variable&nbsp;&#39;e&#39;&nbsp;value&nbsp;is&nbsp;not&nbsp;used&nbsp;<span class="grayout"></span></label><input type="checkbox"  onclick="navigate(265301333)"  id="265301333" /><div id="d265301333" style="display:none"><p class="problem-description-group">Location</p><div class="location"><b>test_achievers_site.py</b><br>in file&nbsp;<a HREF="file://C:/Users/dprui/OneDrive/Documents/Git Repos/Achievers/IntegrationTestingPython/test_achievers_site.py#0">...\test_achievers_site.py</a></div><br><br><p class="problem-description-group">Problem synopsis</p><div class="problem-description"><div class="problem-description"><ul><li>Parameter 'method' value is not used (at line <a HREF="file://C:/Users/dprui/OneDrive/Documents/Git Repos/Achievers/IntegrationTestingPython/test_achievers_site.py#1435">45</a>)<br><br></li><li>Parameter 'method' value is not used (at line <a HREF="file://C:/Users/dprui/OneDrive/Documents/Git Repos/Achievers/IntegrationTestingPython/test_achievers_site.py#2375">72</a>)<br><br></li><li>Local variable 'e' value is not used (at line <a HREF="file://C:/Users/dprui/OneDrive/Documents/Git Repos/Achievers/IntegrationTestingPython/test_achievers_site.py#4071">108</a>)<br><br></li></ul><table cellpadding="0" border="0" cellspacing="0"><tr><td>&nbsp;</td></tr></table></div></div></div><ol class="tree"></ol></li></ol></li></ol></li></ol></li><li><label for="944414590"><b>Spelling</b>&nbsp;group&nbsp;<span class="grayout">&nbsp;&nbsp;17&nbsp;typos&nbsp;</span></label><input type="checkbox"  onclick="navigate(944414590)"  id="944414590" /><ol class="tree"><li><label for="1389407285"><b>Typo</b>&nbsp;inspection&nbsp;<span class="grayout">&nbsp;&nbsp;17&nbsp;typos&nbsp;</span></label><input type="checkbox"  onclick="navigate(1389407285)"  id="1389407285" /><ol class="tree"><li><label for="1889977430">file&nbsp;<b>SeleniumBrowserTesting.py</b>&nbsp;<span class="grayout">&nbsp;&nbsp;6&nbsp;typos&nbsp;</span></label><input type="checkbox"  onclick="navigate(1889977430)"  id="1889977430" /><div id="d1889977430" style="display:none"><p class="problem-description-group">Location</p><div class="location"><b>SeleniumBrowserTesting.py</b><br>in file&nbsp;<a HREF="file://C:/Users/dprui/OneDrive/Documents/Git Repos/Achievers/IntegrationTestingPython/SeleniumBrowserTesting.py#0">...\SeleniumBrowserTesting.py</a></div><br><br><p class="problem-description-group">Problem synopsis</p><div class="problem-description"><div class="problem-description"><ul><li>Typo: In word '<a HREF="file://C:/Users/dprui/OneDrive/Documents/Git Repos/Achievers/IntegrationTestingPython/SeleniumBrowserTesting.py#descr:0">xampp</a>' (at line <a HREF="file://C:/Users/dprui/OneDrive/Documents/Git Repos/Achievers/IntegrationTestingPython/SeleniumBrowserTesting.py#522">23</a>)<br><br></li><li>Typo: In word '<a HREF="file://C:/Users/dprui/OneDrive/Documents/Git Repos/Achievers/IntegrationTestingPython/SeleniumBrowserTesting.py#descr:1">htdocs</a>' (at line <a HREF="file://C:/Users/dprui/OneDrive/Documents/Git Repos/Achievers/IntegrationTestingPython/SeleniumBrowserTesting.py#522">23</a>)<br><br></li><li>Typo: In word '<a HREF="file://C:/Users/dprui/OneDrive/Documents/Git Repos/Achievers/IntegrationTestingPython/SeleniumBrowserTesting.py#descr:2">startfile</a>' (at line <a HREF="file://C:/Users/dprui/OneDrive/Documents/Git Repos/Achievers/IntegrationTestingPython/SeleniumBrowserTesting.py#673">26</a>)<br><br></li><li>Typo: In word '<a HREF="file://C:/Users/dprui/OneDrive/Documents/Git Repos/Achievers/IntegrationTestingPython/SeleniumBrowserTesting.py#descr:3">webdriver</a>' (at line <a HREF="file://C:/Users/dprui/OneDrive/Documents/Git Repos/Achievers/IntegrationTestingPython/SeleniumBrowserTesting.py#1032">37</a>)<br><br></li><li>Typo: In word '<a HREF="file://C:/Users/dprui/OneDrive/Documents/Git Repos/Achievers/IntegrationTestingPython/SeleniumBrowserTesting.py#descr:4">chromedriver</a>' (at line <a HREF="file://C:/Users/dprui/OneDrive/Documents/Git Repos/Achievers/IntegrationTestingPython/SeleniumBrowserTesting.py#1063">38</a>)<br><br></li><li>Typo: In word '<a HREF="file://C:/Users/dprui/OneDrive/Documents/Git Repos/Achievers/IntegrationTestingPython/SeleniumBrowserTesting.py#descr:5">webdriver</a>' (at line <a HREF="file://C:/Users/dprui/OneDrive/Documents/Git Repos/Achievers/IntegrationTestingPython/SeleniumBrowserTesting.py#1171">39</a>)<br><br></li></ul><table cellpadding="0" border="0" cellspacing="0"><tr><td>&nbsp;</td></tr></table></div></div></div><ol class="tree"><li><label for="2102455348"><span style="margin:1px;">TYPO</span>&nbsp;Typo:&nbsp;In&nbsp;word&nbsp;&#39;xampp&#39;&nbsp;<span class="grayout"></span></label><input type="checkbox"  onclick="navigate(2102455348)"  id="2102455348" /><div id="d2102455348" style="display:none"><p class="problem-description-group">Location</p><div class="location"><b>SeleniumBrowserTesting.py</b><br>in file&nbsp;<a HREF="file://C:/Users/dprui/OneDrive/Documents/Git Repos/Achievers/IntegrationTestingPython/SeleniumBrowserTesting.py#0">...\SeleniumBrowserTesting.py</a></div><br><br><p class="problem-description-group">Problem synopsis</p><div class="problem-description"><div class="problem-description"><ul><li>Typo: In word '<a HREF="file://C:/Users/dprui/OneDrive/Documents/Git Repos/Achievers/IntegrationTestingPython/SeleniumBrowserTesting.py#descr:0">xampp</a>' (at line <a HREF="file://C:/Users/dprui/OneDrive/Documents/Git Repos/Achievers/IntegrationTestingPython/SeleniumBrowserTesting.py#522">23</a>)<br><br></li><li>Typo: In word '<a HREF="file://C:/Users/dprui/OneDrive/Documents/Git Repos/Achievers/IntegrationTestingPython/SeleniumBrowserTesting.py#descr:1">htdocs</a>' (at line <a HREF="file://C:/Users/dprui/OneDrive/Documents/Git Repos/Achievers/IntegrationTestingPython/SeleniumBrowserTesting.py#522">23</a>)<br><br></li><li>Typo: In word '<a HREF="file://C:/Users/dprui/OneDrive/Documents/Git Repos/Achievers/IntegrationTestingPython/SeleniumBrowserTesting.py#descr:2">startfile</a>' (at line <a HREF="file://C:/Users/dprui/OneDrive/Documents/Git Repos/Achievers/IntegrationTestingPython/SeleniumBrowserTesting.py#673">26</a>)<br><br></li><li>Typo: In word '<a HREF="file://C:/Users/dprui/OneDrive/Documents/Git Repos/Achievers/IntegrationTestingPython/SeleniumBrowserTesting.py#descr:3">webdriver</a>' (at line <a HREF="file://C:/Users/dprui/OneDrive/Documents/Git Repos/Achievers/IntegrationTestingPython/SeleniumBrowserTesting.py#1032">37</a>)<br><br></li><li>Typo: In word '<a HREF="file://C:/Users/dprui/OneDrive/Documents/Git Repos/Achievers/IntegrationTestingPython/SeleniumBrowserTesting.py#descr:4">chromedriver</a>' (at line <a HREF="file://C:/Users/dprui/OneDrive/Documents/Git Repos/Achievers/IntegrationTestingPython/SeleniumBrowserTesting.py#1063">38</a>)<br><br></li><li>Typo: In word '<a HREF="file://C:/Users/dprui/OneDrive/Documents/Git Repos/Achievers/IntegrationTestingPython/SeleniumBrowserTesting.py#descr:5">webdriver</a>' (at line <a HREF="file://C:/Users/dprui/OneDrive/Documents/Git Repos/Achievers/IntegrationTestingPython/SeleniumBrowserTesting.py#1171">39</a>)<br><br></li></ul><table cellpadding="0" border="0" cellspacing="0"><tr><td>&nbsp;</td></tr></table></div></div></div><ol class="tree"></ol></li><li><label for="619615920"><span style="margin:1px;">TYPO</span>&nbsp;Typo:&nbsp;In&nbsp;word&nbsp;&#39;htdocs&#39;&nbsp;<span class="grayout"></span></label><input type="checkbox"  onclick="navigate(619615920)"  id="619615920" /><div id="d619615920" style="display:none"><p class="problem-description-group">Location</p><div class="location"><b>SeleniumBrowserTesting.py</b><br>in file&nbsp;<a HREF="file://C:/Users/dprui/OneDrive/Documents/Git Repos/Achievers/IntegrationTestingPython/SeleniumBrowserTesting.py#0">...\SeleniumBrowserTesting.py</a></div><br><br><p class="problem-description-group">Problem synopsis</p><div class="problem-description"><div class="problem-description"><ul><li>Typo: In word '<a HREF="file://C:/Users/dprui/OneDrive/Documents/Git Repos/Achievers/IntegrationTestingPython/SeleniumBrowserTesting.py#descr:0">xampp</a>' (at line <a HREF="file://C:/Users/dprui/OneDrive/Documents/Git Repos/Achievers/IntegrationTestingPython/SeleniumBrowserTesting.py#522">23</a>)<br><br></li><li>Typo: In word '<a HREF="file://C:/Users/dprui/OneDrive/Documents/Git Repos/Achievers/IntegrationTestingPython/SeleniumBrowserTesting.py#descr:1">htdocs</a>' (at line <a HREF="file://C:/Users/dprui/OneDrive/Documents/Git Repos/Achievers/IntegrationTestingPython/SeleniumBrowserTesting.py#522">23</a>)<br><br></li><li>Typo: In word '<a HREF="file://C:/Users/dprui/OneDrive/Documents/Git Repos/Achievers/IntegrationTestingPython/SeleniumBrowserTesting.py#descr:2">startfile</a>' (at line <a HREF="file://C:/Users/dprui/OneDrive/Documents/Git Repos/Achievers/IntegrationTestingPython/SeleniumBrowserTesting.py#673">26</a>)<br><br></li><li>Typo: In word '<a HREF="file://C:/Users/dprui/OneDrive/Documents/Git Repos/Achievers/IntegrationTestingPython/SeleniumBrowserTesting.py#descr:3">webdriver</a>' (at line <a HREF="file://C:/Users/dprui/OneDrive/Documents/Git Repos/Achievers/IntegrationTestingPython/SeleniumBrowserTesting.py#1032">37</a>)<br><br></li><li>Typo: In word '<a HREF="file://C:/Users/dprui/OneDrive/Documents/Git Repos/Achievers/IntegrationTestingPython/SeleniumBrowserTesting.py#descr:4">chromedriver</a>' (at line <a HREF="file://C:/Users/dprui/OneDrive/Documents/Git Repos/Achievers/IntegrationTestingPython/SeleniumBrowserTesting.py#1063">38</a>)<br><br></li><li>Typo: In word '<a HREF="file://C:/Users/dprui/OneDrive/Documents/Git Repos/Achievers/IntegrationTestingPython/SeleniumBrowserTesting.py#descr:5">webdriver</a>' (at line <a HREF="file://C:/Users/dprui/OneDrive/Documents/Git Repos/Achievers/IntegrationTestingPython/SeleniumBrowserTesting.py#1171">39</a>)<br><br></li></ul><table cellpadding="0" border="0" cellspacing="0"><tr><td>&nbsp;</td></tr></table></div></div></div><ol class="tree"></ol></li><li><label for="417796914"><span style="margin:1px;">TYPO</span>&nbsp;Typo:&nbsp;In&nbsp;word&nbsp;&#39;startfile&#39;&nbsp;<span class="grayout"></span></label><input type="checkbox"  onclick="navigate(417796914)"  id="417796914" /><div id="d417796914" style="display:none"><p class="problem-description-group">Location</p><div class="location"><b>SeleniumBrowserTesting.py</b><br>in file&nbsp;<a HREF="file://C:/Users/dprui/OneDrive/Documents/Git Repos/Achievers/IntegrationTestingPython/SeleniumBrowserTesting.py#0">...\SeleniumBrowserTesting.py</a></div><br><br><p class="problem-description-group">Problem synopsis</p><div class="problem-description"><div class="problem-description"><ul><li>Typo: In word '<a HREF="file://C:/Users/dprui/OneDrive/Documents/Git Repos/Achievers/IntegrationTestingPython/SeleniumBrowserTesting.py#descr:0">xampp</a>' (at line <a HREF="file://C:/Users/dprui/OneDrive/Documents/Git Repos/Achievers/IntegrationTestingPython/SeleniumBrowserTesting.py#522">23</a>)<br><br></li><li>Typo: In word '<a HREF="file://C:/Users/dprui/OneDrive/Documents/Git Repos/Achievers/IntegrationTestingPython/SeleniumBrowserTesting.py#descr:1">htdocs</a>' (at line <a HREF="file://C:/Users/dprui/OneDrive/Documents/Git Repos/Achievers/IntegrationTestingPython/SeleniumBrowserTesting.py#522">23</a>)<br><br></li><li>Typo: In word '<a HREF="file://C:/Users/dprui/OneDrive/Documents/Git Repos/Achievers/IntegrationTestingPython/SeleniumBrowserTesting.py#descr:2">startfile</a>' (at line <a HREF="file://C:/Users/dprui/OneDrive/Documents/Git Repos/Achievers/IntegrationTestingPython/SeleniumBrowserTesting.py#673">26</a>)<br><br></li><li>Typo: In word '<a HREF="file://C:/Users/dprui/OneDrive/Documents/Git Repos/Achievers/IntegrationTestingPython/SeleniumBrowserTesting.py#descr:3">webdriver</a>' (at line <a HREF="file://C:/Users/dprui/OneDrive/Documents/Git Repos/Achievers/IntegrationTestingPython/SeleniumBrowserTesting.py#1032">37</a>)<br><br></li><li>Typo: In word '<a HREF="file://C:/Users/dprui/OneDrive/Documents/Git Repos/Achievers/IntegrationTestingPython/SeleniumBrowserTesting.py#descr:4">chromedriver</a>' (at line <a HREF="file://C:/Users/dprui/OneDrive/Documents/Git Repos/Achievers/IntegrationTestingPython/SeleniumBrowserTesting.py#1063">38</a>)<br><br></li><li>Typo: In word '<a HREF="file://C:/Users/dprui/OneDrive/Documents/Git Repos/Achievers/IntegrationTestingPython/SeleniumBrowserTesting.py#descr:5">webdriver</a>' (at line <a HREF="file://C:/Users/dprui/OneDrive/Documents/Git Repos/Achievers/IntegrationTestingPython/SeleniumBrowserTesting.py#1171">39</a>)<br><br></li></ul><table cellpadding="0" border="0" cellspacing="0"><tr><td>&nbsp;</td></tr></table></div></div></div><ol class="tree"></ol></li><li><label for="419023576"><span style="margin:1px;">TYPO</span>&nbsp;Typo:&nbsp;In&nbsp;word&nbsp;&#39;webdriver&#39;&nbsp;<span class="grayout"></span></label><input type="checkbox"  onclick="navigate(419023576)"  id="419023576" /><div id="d419023576" style="display:none"><p class="problem-description-group">Location</p><div class="location"><b>SeleniumBrowserTesting.py</b><br>in file&nbsp;<a HREF="file://C:/Users/dprui/OneDrive/Documents/Git Repos/Achievers/IntegrationTestingPython/SeleniumBrowserTesting.py#0">...\SeleniumBrowserTesting.py</a></div><br><br><p class="problem-description-group">Problem synopsis</p><div class="problem-description"><div class="problem-description"><ul><li>Typo: In word '<a HREF="file://C:/Users/dprui/OneDrive/Documents/Git Repos/Achievers/IntegrationTestingPython/SeleniumBrowserTesting.py#descr:0">xampp</a>' (at line <a HREF="file://C:/Users/dprui/OneDrive/Documents/Git Repos/Achievers/IntegrationTestingPython/SeleniumBrowserTesting.py#522">23</a>)<br><br></li><li>Typo: In word '<a HREF="file://C:/Users/dprui/OneDrive/Documents/Git Repos/Achievers/IntegrationTestingPython/SeleniumBrowserTesting.py#descr:1">htdocs</a>' (at line <a HREF="file://C:/Users/dprui/OneDrive/Documents/Git Repos/Achievers/IntegrationTestingPython/SeleniumBrowserTesting.py#522">23</a>)<br><br></li><li>Typo: In word '<a HREF="file://C:/Users/dprui/OneDrive/Documents/Git Repos/Achievers/IntegrationTestingPython/SeleniumBrowserTesting.py#descr:2">startfile</a>' (at line <a HREF="file://C:/Users/dprui/OneDrive/Documents/Git Repos/Achievers/IntegrationTestingPython/SeleniumBrowserTesting.py#673">26</a>)<br><br></li><li>Typo: In word '<a HREF="file://C:/Users/dprui/OneDrive/Documents/Git Repos/Achievers/IntegrationTestingPython/SeleniumBrowserTesting.py#descr:3">webdriver</a>' (at line <a HREF="file://C:/Users/dprui/OneDrive/Documents/Git Repos/Achievers/IntegrationTestingPython/SeleniumBrowserTesting.py#1032">37</a>)<br><br></li><li>Typo: In word '<a HREF="file://C:/Users/dprui/OneDrive/Documents/Git Repos/Achievers/IntegrationTestingPython/SeleniumBrowserTesting.py#descr:4">chromedriver</a>' (at line <a HREF="file://C:/Users/dprui/OneDrive/Documents/Git Repos/Achievers/IntegrationTestingPython/SeleniumBrowserTesting.py#1063">38</a>)<br><br></li><li>Typo: In word '<a HREF="file://C:/Users/dprui/OneDrive/Documents/Git Repos/Achievers/IntegrationTestingPython/SeleniumBrowserTesting.py#descr:5">webdriver</a>' (at line <a HREF="file://C:/Users/dprui/OneDrive/Documents/Git Repos/Achievers/IntegrationTestingPython/SeleniumBrowserTesting.py#1171">39</a>)<br><br></li></ul><table cellpadding="0" border="0" cellspacing="0"><tr><td>&nbsp;</td></tr></table></div></div></div><ol class="tree"></ol></li><li><label for="958009691"><span style="margin:1px;">TYPO</span>&nbsp;Typo:&nbsp;In&nbsp;word&nbsp;&#39;chromedriver&#39;&nbsp;<span class="grayout"></span></label><input type="checkbox"  onclick="navigate(958009691)"  id="958009691" /><div id="d958009691" style="display:none"><p class="problem-description-group">Location</p><div class="location"><b>SeleniumBrowserTesting.py</b><br>in file&nbsp;<a HREF="file://C:/Users/dprui/OneDrive/Documents/Git Repos/Achievers/IntegrationTestingPython/SeleniumBrowserTesting.py#0">...\SeleniumBrowserTesting.py</a></div><br><br><p class="problem-description-group">Problem synopsis</p><div class="problem-description"><div class="problem-description"><ul><li>Typo: In word '<a HREF="file://C:/Users/dprui/OneDrive/Documents/Git Repos/Achievers/IntegrationTestingPython/SeleniumBrowserTesting.py#descr:0">xampp</a>' (at line <a HREF="file://C:/Users/dprui/OneDrive/Documents/Git Repos/Achievers/IntegrationTestingPython/SeleniumBrowserTesting.py#522">23</a>)<br><br></li><li>Typo: In word '<a HREF="file://C:/Users/dprui/OneDrive/Documents/Git Repos/Achievers/IntegrationTestingPython/SeleniumBrowserTesting.py#descr:1">htdocs</a>' (at line <a HREF="file://C:/Users/dprui/OneDrive/Documents/Git Repos/Achievers/IntegrationTestingPython/SeleniumBrowserTesting.py#522">23</a>)<br><br></li><li>Typo: In word '<a HREF="file://C:/Users/dprui/OneDrive/Documents/Git Repos/Achievers/IntegrationTestingPython/SeleniumBrowserTesting.py#descr:2">startfile</a>' (at line <a HREF="file://C:/Users/dprui/OneDrive/Documents/Git Repos/Achievers/IntegrationTestingPython/SeleniumBrowserTesting.py#673">26</a>)<br><br></li><li>Typo: In word '<a HREF="file://C:/Users/dprui/OneDrive/Documents/Git Repos/Achievers/IntegrationTestingPython/SeleniumBrowserTesting.py#descr:3">webdriver</a>' (at line <a HREF="file://C:/Users/dprui/OneDrive/Documents/Git Repos/Achievers/IntegrationTestingPython/SeleniumBrowserTesting.py#1032">37</a>)<br><br></li><li>Typo: In word '<a HREF="file://C:/Users/dprui/OneDrive/Documents/Git Repos/Achievers/IntegrationTestingPython/SeleniumBrowserTesting.py#descr:4">chromedriver</a>' (at line <a HREF="file://C:/Users/dprui/OneDrive/Documents/Git Repos/Achievers/IntegrationTestingPython/SeleniumBrowserTesting.py#1063">38</a>)<br><br></li><li>Typo: In word '<a HREF="file://C:/Users/dprui/OneDrive/Documents/Git Repos/Achievers/IntegrationTestingPython/SeleniumBrowserTesting.py#descr:5">webdriver</a>' (at line <a HREF="file://C:/Users/dprui/OneDrive/Documents/Git Repos/Achievers/IntegrationTestingPython/SeleniumBrowserTesting.py#1171">39</a>)<br><br></li></ul><table cellpadding="0" border="0" cellspacing="0"><tr><td>&nbsp;</td></tr></table></div></div></div><ol class="tree"></ol></li><li><label for="868098300"><span style="margin:1px;">TYPO</span>&nbsp;Typo:&nbsp;In&nbsp;word&nbsp;&#39;webdriver&#39;&nbsp;<span class="grayout"></span></label><input type="checkbox"  onclick="navigate(868098300)"  id="868098300" /><div id="d868098300" style="display:none"><p class="problem-description-group">Location</p><div class="location"><b>SeleniumBrowserTesting.py</b><br>in file&nbsp;<a HREF="file://C:/Users/dprui/OneDrive/Documents/Git Repos/Achievers/IntegrationTestingPython/SeleniumBrowserTesting.py#0">...\SeleniumBrowserTesting.py</a></div><br><br><p class="problem-description-group">Problem synopsis</p><div class="problem-description"><div class="problem-description"><ul><li>Typo: In word '<a HREF="file://C:/Users/dprui/OneDrive/Documents/Git Repos/Achievers/IntegrationTestingPython/SeleniumBrowserTesting.py#descr:0">xampp</a>' (at line <a HREF="file://C:/Users/dprui/OneDrive/Documents/Git Repos/Achievers/IntegrationTestingPython/SeleniumBrowserTesting.py#522">23</a>)<br><br></li><li>Typo: In word '<a HREF="file://C:/Users/dprui/OneDrive/Documents/Git Repos/Achievers/IntegrationTestingPython/SeleniumBrowserTesting.py#descr:1">htdocs</a>' (at line <a HREF="file://C:/Users/dprui/OneDrive/Documents/Git Repos/Achievers/IntegrationTestingPython/SeleniumBrowserTesting.py#522">23</a>)<br><br></li><li>Typo: In word '<a HREF="file://C:/Users/dprui/OneDrive/Documents/Git Repos/Achievers/IntegrationTestingPython/SeleniumBrowserTesting.py#descr:2">startfile</a>' (at line <a HREF="file://C:/Users/dprui/OneDrive/Documents/Git Repos/Achievers/IntegrationTestingPython/SeleniumBrowserTesting.py#673">26</a>)<br><br></li><li>Typo: In word '<a HREF="file://C:/Users/dprui/OneDrive/Documents/Git Repos/Achievers/IntegrationTestingPython/SeleniumBrowserTesting.py#descr:3">webdriver</a>' (at line <a HREF="file://C:/Users/dprui/OneDrive/Documents/Git Repos/Achievers/IntegrationTestingPython/SeleniumBrowserTesting.py#1032">37</a>)<br><br></li><li>Typo: In word '<a HREF="file://C:/Users/dprui/OneDrive/Documents/Git Repos/Achievers/IntegrationTestingPython/SeleniumBrowserTesting.py#descr:4">chromedriver</a>' (at line <a HREF="file://C:/Users/dprui/OneDrive/Documents/Git Repos/Achievers/IntegrationTestingPython/SeleniumBrowserTesting.py#1063">38</a>)<br><br></li><li>Typo: In word '<a HREF="file://C:/Users/dprui/OneDrive/Documents/Git Repos/Achievers/IntegrationTestingPython/SeleniumBrowserTesting.py#descr:5">webdriver</a>' (at line <a HREF="file://C:/Users/dprui/OneDrive/Documents/Git Repos/Achievers/IntegrationTestingPython/SeleniumBrowserTesting.py#1171">39</a>)<br><br></li></ul><table cellpadding="0" border="0" cellspacing="0"><tr><td>&nbsp;</td></tr></table></div></div></div><ol class="tree"></ol></li></ol></li><li><label for="1399866607">file&nbsp;<b>test_achievers_site.py</b>&nbsp;<span class="grayout">&nbsp;&nbsp;11&nbsp;typos&nbsp;</span></label><input type="checkbox"  onclick="navigate(1399866607)"  id="1399866607" /><div id="d1399866607" style="display:none"><p class="problem-description-group">Location</p><div class="location"><b>test_achievers_site.py</b><br>in file&nbsp;<a HREF="file://C:/Users/dprui/OneDrive/Documents/Git Repos/Achievers/IntegrationTestingPython/test_achievers_site.py#0">...\test_achievers_site.py</a></div><br><br><p class="problem-description-group">Problem synopsis</p><div class="problem-description"><div class="problem-description"><ul><li>Typo: In word '<a HREF="file://C:/Users/dprui/OneDrive/Documents/Git Repos/Achievers/IntegrationTestingPython/test_achievers_site.py#descr:0">excepthook</a>' (at line <a HREF="file://C:/Users/dprui/OneDrive/Documents/Git Repos/Achievers/IntegrationTestingPython/test_achievers_site.py#714">22</a>)<br><br></li><li>Typo: In word '<a HREF="file://C:/Users/dprui/OneDrive/Documents/Git Repos/Achievers/IntegrationTestingPython/test_achievers_site.py#descr:1">excepthook</a>' (at line <a HREF="file://C:/Users/dprui/OneDrive/Documents/Git Repos/Achievers/IntegrationTestingPython/test_achievers_site.py#820">26</a>)<br><br></li><li>Typo: In word '<a HREF="file://C:/Users/dprui/OneDrive/Documents/Git Repos/Achievers/IntegrationTestingPython/test_achievers_site.py#descr:2">theuser</a>' (at line <a HREF="file://C:/Users/dprui/OneDrive/Documents/Git Repos/Achievers/IntegrationTestingPython/test_achievers_site.py#7539">180</a>)<br><br></li><li>Typo: In word '<a HREF="file://C:/Users/dprui/OneDrive/Documents/Git Repos/Achievers/IntegrationTestingPython/test_achievers_site.py#descr:3">req'd</a>' (at line <a HREF="file://C:/Users/dprui/OneDrive/Documents/Git Repos/Achievers/IntegrationTestingPython/test_achievers_site.py#8388">199</a>)<br><br></li><li>Typo: In word '<a HREF="file://C:/Users/dprui/OneDrive/Documents/Git Repos/Achievers/IntegrationTestingPython/test_achievers_site.py#descr:4">Unfollow</a>' (at line <a HREF="file://C:/Users/dprui/OneDrive/Documents/Git Repos/Achievers/IntegrationTestingPython/test_achievers_site.py#11628">261</a>)<br><br></li><li>Typo: In word '<a HREF="file://C:/Users/dprui/OneDrive/Documents/Git Repos/Achievers/IntegrationTestingPython/test_achievers_site.py#descr:5">Unfollow</a>' (at line <a HREF="file://C:/Users/dprui/OneDrive/Documents/Git Repos/Achievers/IntegrationTestingPython/test_achievers_site.py#14414">305</a>)<br><br></li><li>Typo: In word '<a HREF="file://C:/Users/dprui/OneDrive/Documents/Git Repos/Achievers/IntegrationTestingPython/test_achievers_site.py#descr:6">Unfollow</a>' (at line <a HREF="file://C:/Users/dprui/OneDrive/Documents/Git Repos/Achievers/IntegrationTestingPython/test_achievers_site.py#14825">311</a>)<br><br></li><li>Typo: In word '<a HREF="file://C:/Users/dprui/OneDrive/Documents/Git Repos/Achievers/IntegrationTestingPython/test_achievers_site.py#descr:7">Unfollow</a>' (at line <a HREF="file://C:/Users/dprui/OneDrive/Documents/Git Repos/Achievers/IntegrationTestingPython/test_achievers_site.py#14825">311</a>)<br><br></li><li>Typo: In word '<a HREF="file://C:/Users/dprui/OneDrive/Documents/Git Repos/Achievers/IntegrationTestingPython/test_achievers_site.py#descr:8">unfollowed</a>' (at line <a HREF="file://C:/Users/dprui/OneDrive/Documents/Git Repos/Achievers/IntegrationTestingPython/test_achievers_site.py#15464">321</a>)<br><br></li><li>Typo: In word '<a HREF="file://C:/Users/dprui/OneDrive/Documents/Git Repos/Achievers/IntegrationTestingPython/test_achievers_site.py#descr:9">Unfollow</a>' (at line <a HREF="file://C:/Users/dprui/OneDrive/Documents/Git Repos/Achievers/IntegrationTestingPython/test_achievers_site.py#15611">323</a>)<br><br></li><li>Typo: In word '<a HREF="file://C:/Users/dprui/OneDrive/Documents/Git Repos/Achievers/IntegrationTestingPython/test_achievers_site.py#descr:10">unfollowing</a>' (at line <a HREF="file://C:/Users/dprui/OneDrive/Documents/Git Repos/Achievers/IntegrationTestingPython/test_achievers_site.py#15716">325</a>)<br><br></li></ul><table cellpadding="0" border="0" cellspacing="0"><tr><td>&nbsp;</td></tr></table></div></div></div><ol class="tree"><li><label for="1769513756"><span style="margin:1px;">TYPO</span>&nbsp;Typo:&nbsp;In&nbsp;word&nbsp;&#39;excepthook&#39;&nbsp;<span class="grayout"></span></label><input type="checkbox"  onclick="navigate(1769513756)"  id="1769513756" /><div id="d1769513756" style="display:none"><p class="problem-description-group">Location</p><div class="location"><b>test_achievers_site.py</b><br>in file&nbsp;<a HREF="file://C:/Users/dprui/OneDrive/Documents/Git Repos/Achievers/IntegrationTestingPython/test_achievers_site.py#0">...\test_achievers_site.py</a></div><br><br><p class="problem-description-group">Problem synopsis</p><div class="problem-description"><div class="problem-description"><ul><li>Typo: In word '<a HREF="file://C:/Users/dprui/OneDrive/Documents/Git Repos/Achievers/IntegrationTestingPython/test_achievers_site.py#descr:0">excepthook</a>' (at line <a HREF="file://C:/Users/dprui/OneDrive/Documents/Git Repos/Achievers/IntegrationTestingPython/test_achievers_site.py#714">22</a>)<br><br></li><li>Typo: In word '<a HREF="file://C:/Users/dprui/OneDrive/Documents/Git Repos/Achievers/IntegrationTestingPython/test_achievers_site.py#descr:1">excepthook</a>' (at line <a HREF="file://C:/Users/dprui/OneDrive/Documents/Git Repos/Achievers/IntegrationTestingPython/test_achievers_site.py#820">26</a>)<br><br></li><li>Typo: In word '<a HREF="file://C:/Users/dprui/OneDrive/Documents/Git Repos/Achievers/IntegrationTestingPython/test_achievers_site.py#descr:2">theuser</a>' (at line <a HREF="file://C:/Users/dprui/OneDrive/Documents/Git Repos/Achievers/IntegrationTestingPython/test_achievers_site.py#7539">180</a>)<br><br></li><li>Typo: In word '<a HREF="file://C:/Users/dprui/OneDrive/Documents/Git Repos/Achievers/IntegrationTestingPython/test_achievers_site.py#descr:3">req'd</a>' (at line <a HREF="file://C:/Users/dprui/OneDrive/Documents/Git Repos/Achievers/IntegrationTestingPython/test_achievers_site.py#8388">199</a>)<br><br></li><li>Typo: In word '<a HREF="file://C:/Users/dprui/OneDrive/Documents/Git Repos/Achievers/IntegrationTestingPython/test_achievers_site.py#descr:4">Unfollow</a>' (at line <a HREF="file://C:/Users/dprui/OneDrive/Documents/Git Repos/Achievers/IntegrationTestingPython/test_achievers_site.py#11628">261</a>)<br><br></li><li>Typo: In word '<a HREF="file://C:/Users/dprui/OneDrive/Documents/Git Repos/Achievers/IntegrationTestingPython/test_achievers_site.py#descr:5">Unfollow</a>' (at line <a HREF="file://C:/Users/dprui/OneDrive/Documents/Git Repos/Achievers/IntegrationTestingPython/test_achievers_site.py#14414">305</a>)<br><br></li><li>Typo: In word '<a HREF="file://C:/Users/dprui/OneDrive/Documents/Git Repos/Achievers/IntegrationTestingPython/test_achievers_site.py#descr:6">Unfollow</a>' (at line <a HREF="file://C:/Users/dprui/OneDrive/Documents/Git Repos/Achievers/IntegrationTestingPython/test_achievers_site.py#14825">311</a>)<br><br></li><li>Typo: In word '<a HREF="file://C:/Users/dprui/OneDrive/Documents/Git Repos/Achievers/IntegrationTestingPython/test_achievers_site.py#descr:7">Unfollow</a>' (at line <a HREF="file://C:/Users/dprui/OneDrive/Documents/Git Repos/Achievers/IntegrationTestingPython/test_achievers_site.py#14825">311</a>)<br><br></li><li>Typo: In word '<a HREF="file://C:/Users/dprui/OneDrive/Documents/Git Repos/Achievers/IntegrationTestingPython/test_achievers_site.py#descr:8">unfollowed</a>' (at line <a HREF="file://C:/Users/dprui/OneDrive/Documents/Git Repos/Achievers/IntegrationTestingPython/test_achievers_site.py#15464">321</a>)<br><br></li><li>Typo: In word '<a HREF="file://C:/Users/dprui/OneDrive/Documents/Git Repos/Achievers/IntegrationTestingPython/test_achievers_site.py#descr:9">Unfollow</a>' (at line <a HREF="file://C:/Users/dprui/OneDrive/Documents/Git Repos/Achievers/IntegrationTestingPython/test_achievers_site.py#15611">323</a>)<br><br></li><li>Typo: In word '<a HREF="file://C:/Users/dprui/OneDrive/Documents/Git Repos/Achievers/IntegrationTestingPython/test_achievers_site.py#descr:10">unfollowing</a>' (at line <a HREF="file://C:/Users/dprui/OneDrive/Documents/Git Repos/Achievers/IntegrationTestingPython/test_achievers_site.py#15716">325</a>)<br><br></li></ul><table cellpadding="0" border="0" cellspacing="0"><tr><td>&nbsp;</td></tr></table></div></div></div><ol class="tree"></ol></li><li><label for="1071712187"><span style="margin:1px;">TYPO</span>&nbsp;Typo:&nbsp;In&nbsp;word&nbsp;&#39;excepthook&#39;&nbsp;<span class="grayout"></span></label><input type="checkbox"  onclick="navigate(1071712187)"  id="1071712187" /><div id="d1071712187" style="display:none"><p class="problem-description-group">Location</p><div class="location"><b>test_achievers_site.py</b><br>in file&nbsp;<a HREF="file://C:/Users/dprui/OneDrive/Documents/Git Repos/Achievers/IntegrationTestingPython/test_achievers_site.py#0">...\test_achievers_site.py</a></div><br><br><p class="problem-description-group">Problem synopsis</p><div class="problem-description"><div class="problem-description"><ul><li>Typo: In word '<a HREF="file://C:/Users/dprui/OneDrive/Documents/Git Repos/Achievers/IntegrationTestingPython/test_achievers_site.py#descr:0">excepthook</a>' (at line <a HREF="file://C:/Users/dprui/OneDrive/Documents/Git Repos/Achievers/IntegrationTestingPython/test_achievers_site.py#714">22</a>)<br><br></li><li>Typo: In word '<a HREF="file://C:/Users/dprui/OneDrive/Documents/Git Repos/Achievers/IntegrationTestingPython/test_achievers_site.py#descr:1">excepthook</a>' (at line <a HREF="file://C:/Users/dprui/OneDrive/Documents/Git Repos/Achievers/IntegrationTestingPython/test_achievers_site.py#820">26</a>)<br><br></li><li>Typo: In word '<a HREF="file://C:/Users/dprui/OneDrive/Documents/Git Repos/Achievers/IntegrationTestingPython/test_achievers_site.py#descr:2">theuser</a>' (at line <a HREF="file://C:/Users/dprui/OneDrive/Documents/Git Repos/Achievers/IntegrationTestingPython/test_achievers_site.py#7539">180</a>)<br><br></li><li>Typo: In word '<a HREF="file://C:/Users/dprui/OneDrive/Documents/Git Repos/Achievers/IntegrationTestingPython/test_achievers_site.py#descr:3">req'd</a>' (at line <a HREF="file://C:/Users/dprui/OneDrive/Documents/Git Repos/Achievers/IntegrationTestingPython/test_achievers_site.py#8388">199</a>)<br><br></li><li>Typo: In word '<a HREF="file://C:/Users/dprui/OneDrive/Documents/Git Repos/Achievers/IntegrationTestingPython/test_achievers_site.py#descr:4">Unfollow</a>' (at line <a HREF="file://C:/Users/dprui/OneDrive/Documents/Git Repos/Achievers/IntegrationTestingPython/test_achievers_site.py#11628">261</a>)<br><br></li><li>Typo: In word '<a HREF="file://C:/Users/dprui/OneDrive/Documents/Git Repos/Achievers/IntegrationTestingPython/test_achievers_site.py#descr:5">Unfollow</a>' (at line <a HREF="file://C:/Users/dprui/OneDrive/Documents/Git Repos/Achievers/IntegrationTestingPython/test_achievers_site.py#14414">305</a>)<br><br></li><li>Typo: In word '<a HREF="file://C:/Users/dprui/OneDrive/Documents/Git Repos/Achievers/IntegrationTestingPython/test_achievers_site.py#descr:6">Unfollow</a>' (at line <a HREF="file://C:/Users/dprui/OneDrive/Documents/Git Repos/Achievers/IntegrationTestingPython/test_achievers_site.py#14825">311</a>)<br><br></li><li>Typo: In word '<a HREF="file://C:/Users/dprui/OneDrive/Documents/Git Repos/Achievers/IntegrationTestingPython/test_achievers_site.py#descr:7">Unfollow</a>' (at line <a HREF="file://C:/Users/dprui/OneDrive/Documents/Git Repos/Achievers/IntegrationTestingPython/test_achievers_site.py#14825">311</a>)<br><br></li><li>Typo: In word '<a HREF="file://C:/Users/dprui/OneDrive/Documents/Git Repos/Achievers/IntegrationTestingPython/test_achievers_site.py#descr:8">unfollowed</a>' (at line <a HREF="file://C:/Users/dprui/OneDrive/Documents/Git Repos/Achievers/IntegrationTestingPython/test_achievers_site.py#15464">321</a>)<br><br></li><li>Typo: In word '<a HREF="file://C:/Users/dprui/OneDrive/Documents/Git Repos/Achievers/IntegrationTestingPython/test_achievers_site.py#descr:9">Unfollow</a>' (at line <a HREF="file://C:/Users/dprui/OneDrive/Documents/Git Repos/Achievers/IntegrationTestingPython/test_achievers_site.py#15611">323</a>)<br><br></li><li>Typo: In word '<a HREF="file://C:/Users/dprui/OneDrive/Documents/Git Repos/Achievers/IntegrationTestingPython/test_achievers_site.py#descr:10">unfollowing</a>' (at line <a HREF="file://C:/Users/dprui/OneDrive/Documents/Git Repos/Achievers/IntegrationTestingPython/test_achievers_site.py#15716">325</a>)<br><br></li></ul><table cellpadding="0" border="0" cellspacing="0"><tr><td>&nbsp;</td></tr></table></div></div></div><ol class="tree"></ol></li><li><label for="1110136071"><span style="margin:1px;">TYPO</span>&nbsp;Typo:&nbsp;In&nbsp;word&nbsp;&#39;theuser&#39;&nbsp;<span class="grayout"></span></label><input type="checkbox"  onclick="navigate(1110136071)"  id="1110136071" /><div id="d1110136071" style="display:none"><p class="problem-description-group">Location</p><div class="location"><b>test_achievers_site.py</b><br>in file&nbsp;<a HREF="file://C:/Users/dprui/OneDrive/Documents/Git Repos/Achievers/IntegrationTestingPython/test_achievers_site.py#0">...\test_achievers_site.py</a></div><br><br><p class="problem-description-group">Problem synopsis</p><div class="problem-description"><div class="problem-description"><ul><li>Typo: In word '<a HREF="file://C:/Users/dprui/OneDrive/Documents/Git Repos/Achievers/IntegrationTestingPython/test_achievers_site.py#descr:0">excepthook</a>' (at line <a HREF="file://C:/Users/dprui/OneDrive/Documents/Git Repos/Achievers/IntegrationTestingPython/test_achievers_site.py#714">22</a>)<br><br></li><li>Typo: In word '<a HREF="file://C:/Users/dprui/OneDrive/Documents/Git Repos/Achievers/IntegrationTestingPython/test_achievers_site.py#descr:1">excepthook</a>' (at line <a HREF="file://C:/Users/dprui/OneDrive/Documents/Git Repos/Achievers/IntegrationTestingPython/test_achievers_site.py#820">26</a>)<br><br></li><li>Typo: In word '<a HREF="file://C:/Users/dprui/OneDrive/Documents/Git Repos/Achievers/IntegrationTestingPython/test_achievers_site.py#descr:2">theuser</a>' (at line <a HREF="file://C:/Users/dprui/OneDrive/Documents/Git Repos/Achievers/IntegrationTestingPython/test_achievers_site.py#7539">180</a>)<br><br></li><li>Typo: In word '<a HREF="file://C:/Users/dprui/OneDrive/Documents/Git Repos/Achievers/IntegrationTestingPython/test_achievers_site.py#descr:3">req'd</a>' (at line <a HREF="file://C:/Users/dprui/OneDrive/Documents/Git Repos/Achievers/IntegrationTestingPython/test_achievers_site.py#8388">199</a>)<br><br></li><li>Typo: In word '<a HREF="file://C:/Users/dprui/OneDrive/Documents/Git Repos/Achievers/IntegrationTestingPython/test_achievers_site.py#descr:4">Unfollow</a>' (at line <a HREF="file://C:/Users/dprui/OneDrive/Documents/Git Repos/Achievers/IntegrationTestingPython/test_achievers_site.py#11628">261</a>)<br><br></li><li>Typo: In word '<a HREF="file://C:/Users/dprui/OneDrive/Documents/Git Repos/Achievers/IntegrationTestingPython/test_achievers_site.py#descr:5">Unfollow</a>' (at line <a HREF="file://C:/Users/dprui/OneDrive/Documents/Git Repos/Achievers/IntegrationTestingPython/test_achievers_site.py#14414">305</a>)<br><br></li><li>Typo: In word '<a HREF="file://C:/Users/dprui/OneDrive/Documents/Git Repos/Achievers/IntegrationTestingPython/test_achievers_site.py#descr:6">Unfollow</a>' (at line <a HREF="file://C:/Users/dprui/OneDrive/Documents/Git Repos/Achievers/IntegrationTestingPython/test_achievers_site.py#14825">311</a>)<br><br></li><li>Typo: In word '<a HREF="file://C:/Users/dprui/OneDrive/Documents/Git Repos/Achievers/IntegrationTestingPython/test_achievers_site.py#descr:7">Unfollow</a>' (at line <a HREF="file://C:/Users/dprui/OneDrive/Documents/Git Repos/Achievers/IntegrationTestingPython/test_achievers_site.py#14825">311</a>)<br><br></li><li>Typo: In word '<a HREF="file://C:/Users/dprui/OneDrive/Documents/Git Repos/Achievers/IntegrationTestingPython/test_achievers_site.py#descr:8">unfollowed</a>' (at line <a HREF="file://C:/Users/dprui/OneDrive/Documents/Git Repos/Achievers/IntegrationTestingPython/test_achievers_site.py#15464">321</a>)<br><br></li><li>Typo: In word '<a HREF="file://C:/Users/dprui/OneDrive/Documents/Git Repos/Achievers/IntegrationTestingPython/test_achievers_site.py#descr:9">Unfollow</a>' (at line <a HREF="file://C:/Users/dprui/OneDrive/Documents/Git Repos/Achievers/IntegrationTestingPython/test_achievers_site.py#15611">323</a>)<br><br></li><li>Typo: In word '<a HREF="file://C:/Users/dprui/OneDrive/Documents/Git Repos/Achievers/IntegrationTestingPython/test_achievers_site.py#descr:10">unfollowing</a>' (at line <a HREF="file://C:/Users/dprui/OneDrive/Documents/Git Repos/Achievers/IntegrationTestingPython/test_achievers_site.py#15716">325</a>)<br><br></li></ul><table cellpadding="0" border="0" cellspacing="0"><tr><td>&nbsp;</td></tr></table></div></div></div><ol class="tree"></ol></li><li><label for="1979747441"><span style="margin:1px;">TYPO</span>&nbsp;Typo:&nbsp;In&nbsp;word&nbsp;&#39;req&#39;d&#39;&nbsp;<span class="grayout"></span></label><input type="checkbox"  onclick="navigate(1979747441)"  id="1979747441" /><div id="d1979747441" style="display:none"><p class="problem-description-group">Location</p><div class="location"><b>test_achievers_site.py</b><br>in file&nbsp;<a HREF="file://C:/Users/dprui/OneDrive/Documents/Git Repos/Achievers/IntegrationTestingPython/test_achievers_site.py#0">...\test_achievers_site.py</a></div><br><br><p class="problem-description-group">Problem synopsis</p><div class="problem-description"><div class="problem-description"><ul><li>Typo: In word '<a HREF="file://C:/Users/dprui/OneDrive/Documents/Git Repos/Achievers/IntegrationTestingPython/test_achievers_site.py#descr:0">excepthook</a>' (at line <a HREF="file://C:/Users/dprui/OneDrive/Documents/Git Repos/Achievers/IntegrationTestingPython/test_achievers_site.py#714">22</a>)<br><br></li><li>Typo: In word '<a HREF="file://C:/Users/dprui/OneDrive/Documents/Git Repos/Achievers/IntegrationTestingPython/test_achievers_site.py#descr:1">excepthook</a>' (at line <a HREF="file://C:/Users/dprui/OneDrive/Documents/Git Repos/Achievers/IntegrationTestingPython/test_achievers_site.py#820">26</a>)<br><br></li><li>Typo: In word '<a HREF="file://C:/Users/dprui/OneDrive/Documents/Git Repos/Achievers/IntegrationTestingPython/test_achievers_site.py#descr:2">theuser</a>' (at line <a HREF="file://C:/Users/dprui/OneDrive/Documents/Git Repos/Achievers/IntegrationTestingPython/test_achievers_site.py#7539">180</a>)<br><br></li><li>Typo: In word '<a HREF="file://C:/Users/dprui/OneDrive/Documents/Git Repos/Achievers/IntegrationTestingPython/test_achievers_site.py#descr:3">req'd</a>' (at line <a HREF="file://C:/Users/dprui/OneDrive/Documents/Git Repos/Achievers/IntegrationTestingPython/test_achievers_site.py#8388">199</a>)<br><br></li><li>Typo: In word '<a HREF="file://C:/Users/dprui/OneDrive/Documents/Git Repos/Achievers/IntegrationTestingPython/test_achievers_site.py#descr:4">Unfollow</a>' (at line <a HREF="file://C:/Users/dprui/OneDrive/Documents/Git Repos/Achievers/IntegrationTestingPython/test_achievers_site.py#11628">261</a>)<br><br></li><li>Typo: In word '<a HREF="file://C:/Users/dprui/OneDrive/Documents/Git Repos/Achievers/IntegrationTestingPython/test_achievers_site.py#descr:5">Unfollow</a>' (at line <a HREF="file://C:/Users/dprui/OneDrive/Documents/Git Repos/Achievers/IntegrationTestingPython/test_achievers_site.py#14414">305</a>)<br><br></li><li>Typo: In word '<a HREF="file://C:/Users/dprui/OneDrive/Documents/Git Repos/Achievers/IntegrationTestingPython/test_achievers_site.py#descr:6">Unfollow</a>' (at line <a HREF="file://C:/Users/dprui/OneDrive/Documents/Git Repos/Achievers/IntegrationTestingPython/test_achievers_site.py#14825">311</a>)<br><br></li><li>Typo: In word '<a HREF="file://C:/Users/dprui/OneDrive/Documents/Git Repos/Achievers/IntegrationTestingPython/test_achievers_site.py#descr:7">Unfollow</a>' (at line <a HREF="file://C:/Users/dprui/OneDrive/Documents/Git Repos/Achievers/IntegrationTestingPython/test_achievers_site.py#14825">311</a>)<br><br></li><li>Typo: In word '<a HREF="file://C:/Users/dprui/OneDrive/Documents/Git Repos/Achievers/IntegrationTestingPython/test_achievers_site.py#descr:8">unfollowed</a>' (at line <a HREF="file://C:/Users/dprui/OneDrive/Documents/Git Repos/Achievers/IntegrationTestingPython/test_achievers_site.py#15464">321</a>)<br><br></li><li>Typo: In word '<a HREF="file://C:/Users/dprui/OneDrive/Documents/Git Repos/Achievers/IntegrationTestingPython/test_achievers_site.py#descr:9">Unfollow</a>' (at line <a HREF="file://C:/Users/dprui/OneDrive/Documents/Git Repos/Achievers/IntegrationTestingPython/test_achievers_site.py#15611">323</a>)<br><br></li><li>Typo: In word '<a HREF="file://C:/Users/dprui/OneDrive/Documents/Git Repos/Achievers/IntegrationTestingPython/test_achievers_site.py#descr:10">unfollowing</a>' (at line <a HREF="file://C:/Users/dprui/OneDrive/Documents/Git Repos/Achievers/IntegrationTestingPython/test_achievers_site.py#15716">325</a>)<br><br></li></ul><table cellpadding="0" border="0" cellspacing="0"><tr><td>&nbsp;</td></tr></table></div></div></div><ol class="tree"></ol></li><li><label for="997525737"><span style="margin:1px;">TYPO</span>&nbsp;Typo:&nbsp;In&nbsp;word&nbsp;&#39;Unfollow&#39;&nbsp;<span class="grayout"></span></label><input type="checkbox"  onclick="navigate(997525737)"  id="997525737" /><div id="d997525737" style="display:none"><p class="problem-description-group">Location</p><div class="location"><b>test_achievers_site.py</b><br>in file&nbsp;<a HREF="file://C:/Users/dprui/OneDrive/Documents/Git Repos/Achievers/IntegrationTestingPython/test_achievers_site.py#0">...\test_achievers_site.py</a></div><br><br><p class="problem-description-group">Problem synopsis</p><div class="problem-description"><div class="problem-description"><ul><li>Typo: In word '<a HREF="file://C:/Users/dprui/OneDrive/Documents/Git Repos/Achievers/IntegrationTestingPython/test_achievers_site.py#descr:0">excepthook</a>' (at line <a HREF="file://C:/Users/dprui/OneDrive/Documents/Git Repos/Achievers/IntegrationTestingPython/test_achievers_site.py#714">22</a>)<br><br></li><li>Typo: In word '<a HREF="file://C:/Users/dprui/OneDrive/Documents/Git Repos/Achievers/IntegrationTestingPython/test_achievers_site.py#descr:1">excepthook</a>' (at line <a HREF="file://C:/Users/dprui/OneDrive/Documents/Git Repos/Achievers/IntegrationTestingPython/test_achievers_site.py#820">26</a>)<br><br></li><li>Typo: In word '<a HREF="file://C:/Users/dprui/OneDrive/Documents/Git Repos/Achievers/IntegrationTestingPython/test_achievers_site.py#descr:2">theuser</a>' (at line <a HREF="file://C:/Users/dprui/OneDrive/Documents/Git Repos/Achievers/IntegrationTestingPython/test_achievers_site.py#7539">180</a>)<br><br></li><li>Typo: In word '<a HREF="file://C:/Users/dprui/OneDrive/Documents/Git Repos/Achievers/IntegrationTestingPython/test_achievers_site.py#descr:3">req'd</a>' (at line <a HREF="file://C:/Users/dprui/OneDrive/Documents/Git Repos/Achievers/IntegrationTestingPython/test_achievers_site.py#8388">199</a>)<br><br></li><li>Typo: In word '<a HREF="file://C:/Users/dprui/OneDrive/Documents/Git Repos/Achievers/IntegrationTestingPython/test_achievers_site.py#descr:4">Unfollow</a>' (at line <a HREF="file://C:/Users/dprui/OneDrive/Documents/Git Repos/Achievers/IntegrationTestingPython/test_achievers_site.py#11628">261</a>)<br><br></li><li>Typo: In word '<a HREF="file://C:/Users/dprui/OneDrive/Documents/Git Repos/Achievers/IntegrationTestingPython/test_achievers_site.py#descr:5">Unfollow</a>' (at line <a HREF="file://C:/Users/dprui/OneDrive/Documents/Git Repos/Achievers/IntegrationTestingPython/test_achievers_site.py#14414">305</a>)<br><br></li><li>Typo: In word '<a HREF="file://C:/Users/dprui/OneDrive/Documents/Git Repos/Achievers/IntegrationTestingPython/test_achievers_site.py#descr:6">Unfollow</a>' (at line <a HREF="file://C:/Users/dprui/OneDrive/Documents/Git Repos/Achievers/IntegrationTestingPython/test_achievers_site.py#14825">311</a>)<br><br></li><li>Typo: In word '<a HREF="file://C:/Users/dprui/OneDrive/Documents/Git Repos/Achievers/IntegrationTestingPython/test_achievers_site.py#descr:7">Unfollow</a>' (at line <a HREF="file://C:/Users/dprui/OneDrive/Documents/Git Repos/Achievers/IntegrationTestingPython/test_achievers_site.py#14825">311</a>)<br><br></li><li>Typo: In word '<a HREF="file://C:/Users/dprui/OneDrive/Documents/Git Repos/Achievers/IntegrationTestingPython/test_achievers_site.py#descr:8">unfollowed</a>' (at line <a HREF="file://C:/Users/dprui/OneDrive/Documents/Git Repos/Achievers/IntegrationTestingPython/test_achievers_site.py#15464">321</a>)<br><br></li><li>Typo: In word '<a HREF="file://C:/Users/dprui/OneDrive/Documents/Git Repos/Achievers/IntegrationTestingPython/test_achievers_site.py#descr:9">Unfollow</a>' (at line <a HREF="file://C:/Users/dprui/OneDrive/Documents/Git Repos/Achievers/IntegrationTestingPython/test_achievers_site.py#15611">323</a>)<br><br></li><li>Typo: In word '<a HREF="file://C:/Users/dprui/OneDrive/Documents/Git Repos/Achievers/IntegrationTestingPython/test_achievers_site.py#descr:10">unfollowing</a>' (at line <a HREF="file://C:/Users/dprui/OneDrive/Documents/Git Repos/Achievers/IntegrationTestingPython/test_achievers_site.py#15716">325</a>)<br><br></li></ul><table cellpadding="0" border="0" cellspacing="0"><tr><td>&nbsp;</td></tr></table></div></div></div><ol class="tree"></ol></li><li><label for="1420523850"><span style="margin:1px;">TYPO</span>&nbsp;Typo:&nbsp;In&nbsp;word&nbsp;&#39;Unfollow&#39;&nbsp;<span class="grayout"></span></label><input type="checkbox"  onclick="navigate(1420523850)"  id="1420523850" /><div id="d1420523850" style="display:none"><p class="problem-description-group">Location</p><div class="location"><b>test_achievers_site.py</b><br>in file&nbsp;<a HREF="file://C:/Users/dprui/OneDrive/Documents/Git Repos/Achievers/IntegrationTestingPython/test_achievers_site.py#0">...\test_achievers_site.py</a></div><br><br><p class="problem-description-group">Problem synopsis</p><div class="problem-description"><div class="problem-description"><ul><li>Typo: In word '<a HREF="file://C:/Users/dprui/OneDrive/Documents/Git Repos/Achievers/IntegrationTestingPython/test_achievers_site.py#descr:0">excepthook</a>' (at line <a HREF="file://C:/Users/dprui/OneDrive/Documents/Git Repos/Achievers/IntegrationTestingPython/test_achievers_site.py#714">22</a>)<br><br></li><li>Typo: In word '<a HREF="file://C:/Users/dprui/OneDrive/Documents/Git Repos/Achievers/IntegrationTestingPython/test_achievers_site.py#descr:1">excepthook</a>' (at line <a HREF="file://C:/Users/dprui/OneDrive/Documents/Git Repos/Achievers/IntegrationTestingPython/test_achievers_site.py#820">26</a>)<br><br></li><li>Typo: In word '<a HREF="file://C:/Users/dprui/OneDrive/Documents/Git Repos/Achievers/IntegrationTestingPython/test_achievers_site.py#descr:2">theuser</a>' (at line <a HREF="file://C:/Users/dprui/OneDrive/Documents/Git Repos/Achievers/IntegrationTestingPython/test_achievers_site.py#7539">180</a>)<br><br></li><li>Typo: In word '<a HREF="file://C:/Users/dprui/OneDrive/Documents/Git Repos/Achievers/IntegrationTestingPython/test_achievers_site.py#descr:3">req'd</a>' (at line <a HREF="file://C:/Users/dprui/OneDrive/Documents/Git Repos/Achievers/IntegrationTestingPython/test_achievers_site.py#8388">199</a>)<br><br></li><li>Typo: In word '<a HREF="file://C:/Users/dprui/OneDrive/Documents/Git Repos/Achievers/IntegrationTestingPython/test_achievers_site.py#descr:4">Unfollow</a>' (at line <a HREF="file://C:/Users/dprui/OneDrive/Documents/Git Repos/Achievers/IntegrationTestingPython/test_achievers_site.py#11628">261</a>)<br><br></li><li>Typo: In word '<a HREF="file://C:/Users/dprui/OneDrive/Documents/Git Repos/Achievers/IntegrationTestingPython/test_achievers_site.py#descr:5">Unfollow</a>' (at line <a HREF="file://C:/Users/dprui/OneDrive/Documents/Git Repos/Achievers/IntegrationTestingPython/test_achievers_site.py#14414">305</a>)<br><br></li><li>Typo: In word '<a HREF="file://C:/Users/dprui/OneDrive/Documents/Git Repos/Achievers/IntegrationTestingPython/test_achievers_site.py#descr:6">Unfollow</a>' (at line <a HREF="file://C:/Users/dprui/OneDrive/Documents/Git Repos/Achievers/IntegrationTestingPython/test_achievers_site.py#14825">311</a>)<br><br></li><li>Typo: In word '<a HREF="file://C:/Users/dprui/OneDrive/Documents/Git Repos/Achievers/IntegrationTestingPython/test_achievers_site.py#descr:7">Unfollow</a>' (at line <a HREF="file://C:/Users/dprui/OneDrive/Documents/Git Repos/Achievers/IntegrationTestingPython/test_achievers_site.py#14825">311</a>)<br><br></li><li>Typo: In word '<a HREF="file://C:/Users/dprui/OneDrive/Documents/Git Repos/Achievers/IntegrationTestingPython/test_achievers_site.py#descr:8">unfollowed</a>' (at line <a HREF="file://C:/Users/dprui/OneDrive/Documents/Git Repos/Achievers/IntegrationTestingPython/test_achievers_site.py#15464">321</a>)<br><br></li><li>Typo: In word '<a HREF="file://C:/Users/dprui/OneDrive/Documents/Git Repos/Achievers/IntegrationTestingPython/test_achievers_site.py#descr:9">Unfollow</a>' (at line <a HREF="file://C:/Users/dprui/OneDrive/Documents/Git Repos/Achievers/IntegrationTestingPython/test_achievers_site.py#15611">323</a>)<br><br></li><li>Typo: In word '<a HREF="file://C:/Users/dprui/OneDrive/Documents/Git Repos/Achievers/IntegrationTestingPython/test_achievers_site.py#descr:10">unfollowing</a>' (at line <a HREF="file://C:/Users/dprui/OneDrive/Documents/Git Repos/Achievers/IntegrationTestingPython/test_achievers_site.py#15716">325</a>)<br><br></li></ul><table cellpadding="0" border="0" cellspacing="0"><tr><td>&nbsp;</td></tr></table></div></div></div><ol class="tree"></ol></li><li><label for="321350282"><span style="margin:1px;">TYPO</span>&nbsp;Typo:&nbsp;In&nbsp;word&nbsp;&#39;Unfollow&#39;&nbsp;<span class="grayout"></span></label><input type="checkbox"  onclick="navigate(321350282)"  id="321350282" /><div id="d321350282" style="display:none"><p class="problem-description-group">Location</p><div class="location"><b>test_achievers_site.py</b><br>in file&nbsp;<a HREF="file://C:/Users/dprui/OneDrive/Documents/Git Repos/Achievers/IntegrationTestingPython/test_achievers_site.py#0">...\test_achievers_site.py</a></div><br><br><p class="problem-description-group">Problem synopsis</p><div class="problem-description"><div class="problem-description"><ul><li>Typo: In word '<a HREF="file://C:/Users/dprui/OneDrive/Documents/Git Repos/Achievers/IntegrationTestingPython/test_achievers_site.py#descr:0">excepthook</a>' (at line <a HREF="file://C:/Users/dprui/OneDrive/Documents/Git Repos/Achievers/IntegrationTestingPython/test_achievers_site.py#714">22</a>)<br><br></li><li>Typo: In word '<a HREF="file://C:/Users/dprui/OneDrive/Documents/Git Repos/Achievers/IntegrationTestingPython/test_achievers_site.py#descr:1">excepthook</a>' (at line <a HREF="file://C:/Users/dprui/OneDrive/Documents/Git Repos/Achievers/IntegrationTestingPython/test_achievers_site.py#820">26</a>)<br><br></li><li>Typo: In word '<a HREF="file://C:/Users/dprui/OneDrive/Documents/Git Repos/Achievers/IntegrationTestingPython/test_achievers_site.py#descr:2">theuser</a>' (at line <a HREF="file://C:/Users/dprui/OneDrive/Documents/Git Repos/Achievers/IntegrationTestingPython/test_achievers_site.py#7539">180</a>)<br><br></li><li>Typo: In word '<a HREF="file://C:/Users/dprui/OneDrive/Documents/Git Repos/Achievers/IntegrationTestingPython/test_achievers_site.py#descr:3">req'd</a>' (at line <a HREF="file://C:/Users/dprui/OneDrive/Documents/Git Repos/Achievers/IntegrationTestingPython/test_achievers_site.py#8388">199</a>)<br><br></li><li>Typo: In word '<a HREF="file://C:/Users/dprui/OneDrive/Documents/Git Repos/Achievers/IntegrationTestingPython/test_achievers_site.py#descr:4">Unfollow</a>' (at line <a HREF="file://C:/Users/dprui/OneDrive/Documents/Git Repos/Achievers/IntegrationTestingPython/test_achievers_site.py#11628">261</a>)<br><br></li><li>Typo: In word '<a HREF="file://C:/Users/dprui/OneDrive/Documents/Git Repos/Achievers/IntegrationTestingPython/test_achievers_site.py#descr:5">Unfollow</a>' (at line <a HREF="file://C:/Users/dprui/OneDrive/Documents/Git Repos/Achievers/IntegrationTestingPython/test_achievers_site.py#14414">305</a>)<br><br></li><li>Typo: In word '<a HREF="file://C:/Users/dprui/OneDrive/Documents/Git Repos/Achievers/IntegrationTestingPython/test_achievers_site.py#descr:6">Unfollow</a>' (at line <a HREF="file://C:/Users/dprui/OneDrive/Documents/Git Repos/Achievers/IntegrationTestingPython/test_achievers_site.py#14825">311</a>)<br><br></li><li>Typo: In word '<a HREF="file://C:/Users/dprui/OneDrive/Documents/Git Repos/Achievers/IntegrationTestingPython/test_achievers_site.py#descr:7">Unfollow</a>' (at line <a HREF="file://C:/Users/dprui/OneDrive/Documents/Git Repos/Achievers/IntegrationTestingPython/test_achievers_site.py#14825">311</a>)<br><br></li><li>Typo: In word '<a HREF="file://C:/Users/dprui/OneDrive/Documents/Git Repos/Achievers/IntegrationTestingPython/test_achievers_site.py#descr:8">unfollowed</a>' (at line <a HREF="file://C:/Users/dprui/OneDrive/Documents/Git Repos/Achievers/IntegrationTestingPython/test_achievers_site.py#15464">321</a>)<br><br></li><li>Typo: In word '<a HREF="file://C:/Users/dprui/OneDrive/Documents/Git Repos/Achievers/IntegrationTestingPython/test_achievers_site.py#descr:9">Unfollow</a>' (at line <a HREF="file://C:/Users/dprui/OneDrive/Documents/Git Repos/Achievers/IntegrationTestingPython/test_achievers_site.py#15611">323</a>)<br><br></li><li>Typo: In word '<a HREF="file://C:/Users/dprui/OneDrive/Documents/Git Repos/Achievers/IntegrationTestingPython/test_achievers_site.py#descr:10">unfollowing</a>' (at line <a HREF="file://C:/Users/dprui/OneDrive/Documents/Git Repos/Achievers/IntegrationTestingPython/test_achievers_site.py#15716">325</a>)<br><br></li></ul><table cellpadding="0" border="0" cellspacing="0"><tr><td>&nbsp;</td></tr></table></div></div></div><ol class="tree"></ol></li><li><label for="1783794456"><span style="margin:1px;">TYPO</span>&nbsp;Typo:&nbsp;In&nbsp;word&nbsp;&#39;Unfollow&#39;&nbsp;<span class="grayout"></span></label><input type="checkbox"  onclick="navigate(1783794456)"  id="1783794456" /><div id="d1783794456" style="display:none"><p class="problem-description-group">Location</p><div class="location"><b>test_achievers_site.py</b><br>in file&nbsp;<a HREF="file://C:/Users/dprui/OneDrive/Documents/Git Repos/Achievers/IntegrationTestingPython/test_achievers_site.py#0">...\test_achievers_site.py</a></div><br><br><p class="problem-description-group">Problem synopsis</p><div class="problem-description"><div class="problem-description"><ul><li>Typo: In word '<a HREF="file://C:/Users/dprui/OneDrive/Documents/Git Repos/Achievers/IntegrationTestingPython/test_achievers_site.py#descr:0">excepthook</a>' (at line <a HREF="file://C:/Users/dprui/OneDrive/Documents/Git Repos/Achievers/IntegrationTestingPython/test_achievers_site.py#714">22</a>)<br><br></li><li>Typo: In word '<a HREF="file://C:/Users/dprui/OneDrive/Documents/Git Repos/Achievers/IntegrationTestingPython/test_achievers_site.py#descr:1">excepthook</a>' (at line <a HREF="file://C:/Users/dprui/OneDrive/Documents/Git Repos/Achievers/IntegrationTestingPython/test_achievers_site.py#820">26</a>)<br><br></li><li>Typo: In word '<a HREF="file://C:/Users/dprui/OneDrive/Documents/Git Repos/Achievers/IntegrationTestingPython/test_achievers_site.py#descr:2">theuser</a>' (at line <a HREF="file://C:/Users/dprui/OneDrive/Documents/Git Repos/Achievers/IntegrationTestingPython/test_achievers_site.py#7539">180</a>)<br><br></li><li>Typo: In word '<a HREF="file://C:/Users/dprui/OneDrive/Documents/Git Repos/Achievers/IntegrationTestingPython/test_achievers_site.py#descr:3">req'd</a>' (at line <a HREF="file://C:/Users/dprui/OneDrive/Documents/Git Repos/Achievers/IntegrationTestingPython/test_achievers_site.py#8388">199</a>)<br><br></li><li>Typo: In word '<a HREF="file://C:/Users/dprui/OneDrive/Documents/Git Repos/Achievers/IntegrationTestingPython/test_achievers_site.py#descr:4">Unfollow</a>' (at line <a HREF="file://C:/Users/dprui/OneDrive/Documents/Git Repos/Achievers/IntegrationTestingPython/test_achievers_site.py#11628">261</a>)<br><br></li><li>Typo: In word '<a HREF="file://C:/Users/dprui/OneDrive/Documents/Git Repos/Achievers/IntegrationTestingPython/test_achievers_site.py#descr:5">Unfollow</a>' (at line <a HREF="file://C:/Users/dprui/OneDrive/Documents/Git Repos/Achievers/IntegrationTestingPython/test_achievers_site.py#14414">305</a>)<br><br></li><li>Typo: In word '<a HREF="file://C:/Users/dprui/OneDrive/Documents/Git Repos/Achievers/IntegrationTestingPython/test_achievers_site.py#descr:6">Unfollow</a>' (at line <a HREF="file://C:/Users/dprui/OneDrive/Documents/Git Repos/Achievers/IntegrationTestingPython/test_achievers_site.py#14825">311</a>)<br><br></li><li>Typo: In word '<a HREF="file://C:/Users/dprui/OneDrive/Documents/Git Repos/Achievers/IntegrationTestingPython/test_achievers_site.py#descr:7">Unfollow</a>' (at line <a HREF="file://C:/Users/dprui/OneDrive/Documents/Git Repos/Achievers/IntegrationTestingPython/test_achievers_site.py#14825">311</a>)<br><br></li><li>Typo: In word '<a HREF="file://C:/Users/dprui/OneDrive/Documents/Git Repos/Achievers/IntegrationTestingPython/test_achievers_site.py#descr:8">unfollowed</a>' (at line <a HREF="file://C:/Users/dprui/OneDrive/Documents/Git Repos/Achievers/IntegrationTestingPython/test_achievers_site.py#15464">321</a>)<br><br></li><li>Typo: In word '<a HREF="file://C:/Users/dprui/OneDrive/Documents/Git Repos/Achievers/IntegrationTestingPython/test_achievers_site.py#descr:9">Unfollow</a>' (at line <a HREF="file://C:/Users/dprui/OneDrive/Documents/Git Repos/Achievers/IntegrationTestingPython/test_achievers_site.py#15611">323</a>)<br><br></li><li>Typo: In word '<a HREF="file://C:/Users/dprui/OneDrive/Documents/Git Repos/Achievers/IntegrationTestingPython/test_achievers_site.py#descr:10">unfollowing</a>' (at line <a HREF="file://C:/Users/dprui/OneDrive/Documents/Git Repos/Achievers/IntegrationTestingPython/test_achievers_site.py#15716">325</a>)<br><br></li></ul><table cellpadding="0" border="0" cellspacing="0"><tr><td>&nbsp;</td></tr></table></div></div></div><ol class="tree"></ol></li><li><label for="1920893829"><span style="margin:1px;">TYPO</span>&nbsp;Typo:&nbsp;In&nbsp;word&nbsp;&#39;unfollowed&#39;&nbsp;<span class="grayout"></span></label><input type="checkbox"  onclick="navigate(1920893829)"  id="1920893829" /><div id="d1920893829" style="display:none"><p class="problem-description-group">Location</p><div class="location"><b>test_achievers_site.py</b><br>in file&nbsp;<a HREF="file://C:/Users/dprui/OneDrive/Documents/Git Repos/Achievers/IntegrationTestingPython/test_achievers_site.py#0">...\test_achievers_site.py</a></div><br><br><p class="problem-description-group">Problem synopsis</p><div class="problem-description"><div class="problem-description"><ul><li>Typo: In word '<a HREF="file://C:/Users/dprui/OneDrive/Documents/Git Repos/Achievers/IntegrationTestingPython/test_achievers_site.py#descr:0">excepthook</a>' (at line <a HREF="file://C:/Users/dprui/OneDrive/Documents/Git Repos/Achievers/IntegrationTestingPython/test_achievers_site.py#714">22</a>)<br><br></li><li>Typo: In word '<a HREF="file://C:/Users/dprui/OneDrive/Documents/Git Repos/Achievers/IntegrationTestingPython/test_achievers_site.py#descr:1">excepthook</a>' (at line <a HREF="file://C:/Users/dprui/OneDrive/Documents/Git Repos/Achievers/IntegrationTestingPython/test_achievers_site.py#820">26</a>)<br><br></li><li>Typo: In word '<a HREF="file://C:/Users/dprui/OneDrive/Documents/Git Repos/Achievers/IntegrationTestingPython/test_achievers_site.py#descr:2">theuser</a>' (at line <a HREF="file://C:/Users/dprui/OneDrive/Documents/Git Repos/Achievers/IntegrationTestingPython/test_achievers_site.py#7539">180</a>)<br><br></li><li>Typo: In word '<a HREF="file://C:/Users/dprui/OneDrive/Documents/Git Repos/Achievers/IntegrationTestingPython/test_achievers_site.py#descr:3">req'd</a>' (at line <a HREF="file://C:/Users/dprui/OneDrive/Documents/Git Repos/Achievers/IntegrationTestingPython/test_achievers_site.py#8388">199</a>)<br><br></li><li>Typo: In word '<a HREF="file://C:/Users/dprui/OneDrive/Documents/Git Repos/Achievers/IntegrationTestingPython/test_achievers_site.py#descr:4">Unfollow</a>' (at line <a HREF="file://C:/Users/dprui/OneDrive/Documents/Git Repos/Achievers/IntegrationTestingPython/test_achievers_site.py#11628">261</a>)<br><br></li><li>Typo: In word '<a HREF="file://C:/Users/dprui/OneDrive/Documents/Git Repos/Achievers/IntegrationTestingPython/test_achievers_site.py#descr:5">Unfollow</a>' (at line <a HREF="file://C:/Users/dprui/OneDrive/Documents/Git Repos/Achievers/IntegrationTestingPython/test_achievers_site.py#14414">305</a>)<br><br></li><li>Typo: In word '<a HREF="file://C:/Users/dprui/OneDrive/Documents/Git Repos/Achievers/IntegrationTestingPython/test_achievers_site.py#descr:6">Unfollow</a>' (at line <a HREF="file://C:/Users/dprui/OneDrive/Documents/Git Repos/Achievers/IntegrationTestingPython/test_achievers_site.py#14825">311</a>)<br><br></li><li>Typo: In word '<a HREF="file://C:/Users/dprui/OneDrive/Documents/Git Repos/Achievers/IntegrationTestingPython/test_achievers_site.py#descr:7">Unfollow</a>' (at line <a HREF="file://C:/Users/dprui/OneDrive/Documents/Git Repos/Achievers/IntegrationTestingPython/test_achievers_site.py#14825">311</a>)<br><br></li><li>Typo: In word '<a HREF="file://C:/Users/dprui/OneDrive/Documents/Git Repos/Achievers/IntegrationTestingPython/test_achievers_site.py#descr:8">unfollowed</a>' (at line <a HREF="file://C:/Users/dprui/OneDrive/Documents/Git Repos/Achievers/IntegrationTestingPython/test_achievers_site.py#15464">321</a>)<br><br></li><li>Typo: In word '<a HREF="file://C:/Users/dprui/OneDrive/Documents/Git Repos/Achievers/IntegrationTestingPython/test_achievers_site.py#descr:9">Unfollow</a>' (at line <a HREF="file://C:/Users/dprui/OneDrive/Documents/Git Repos/Achievers/IntegrationTestingPython/test_achievers_site.py#15611">323</a>)<br><br></li><li>Typo: In word '<a HREF="file://C:/Users/dprui/OneDrive/Documents/Git Repos/Achievers/IntegrationTestingPython/test_achievers_site.py#descr:10">unfollowing</a>' (at line <a HREF="file://C:/Users/dprui/OneDrive/Documents/Git Repos/Achievers/IntegrationTestingPython/test_achievers_site.py#15716">325</a>)<br><br></li></ul><table cellpadding="0" border="0" cellspacing="0"><tr><td>&nbsp;</td></tr></table></div></div></div><ol class="tree"></ol></li><li><label for="264978253"><span style="margin:1px;">TYPO</span>&nbsp;Typo:&nbsp;In&nbsp;word&nbsp;&#39;Unfollow&#39;&nbsp;<span class="grayout"></span></label><input type="checkbox"  onclick="navigate(264978253)"  id="264978253" /><div id="d264978253" style="display:none"><p class="problem-description-group">Location</p><div class="location"><b>test_achievers_site.py</b><br>in file&nbsp;<a HREF="file://C:/Users/dprui/OneDrive/Documents/Git Repos/Achievers/IntegrationTestingPython/test_achievers_site.py#0">...\test_achievers_site.py</a></div><br><br><p class="problem-description-group">Problem synopsis</p><div class="problem-description"><div class="problem-description"><ul><li>Typo: In word '<a HREF="file://C:/Users/dprui/OneDrive/Documents/Git Repos/Achievers/IntegrationTestingPython/test_achievers_site.py#descr:0">excepthook</a>' (at line <a HREF="file://C:/Users/dprui/OneDrive/Documents/Git Repos/Achievers/IntegrationTestingPython/test_achievers_site.py#714">22</a>)<br><br></li><li>Typo: In word '<a HREF="file://C:/Users/dprui/OneDrive/Documents/Git Repos/Achievers/IntegrationTestingPython/test_achievers_site.py#descr:1">excepthook</a>' (at line <a HREF="file://C:/Users/dprui/OneDrive/Documents/Git Repos/Achievers/IntegrationTestingPython/test_achievers_site.py#820">26</a>)<br><br></li><li>Typo: In word '<a HREF="file://C:/Users/dprui/OneDrive/Documents/Git Repos/Achievers/IntegrationTestingPython/test_achievers_site.py#descr:2">theuser</a>' (at line <a HREF="file://C:/Users/dprui/OneDrive/Documents/Git Repos/Achievers/IntegrationTestingPython/test_achievers_site.py#7539">180</a>)<br><br></li><li>Typo: In word '<a HREF="file://C:/Users/dprui/OneDrive/Documents/Git Repos/Achievers/IntegrationTestingPython/test_achievers_site.py#descr:3">req'd</a>' (at line <a HREF="file://C:/Users/dprui/OneDrive/Documents/Git Repos/Achievers/IntegrationTestingPython/test_achievers_site.py#8388">199</a>)<br><br></li><li>Typo: In word '<a HREF="file://C:/Users/dprui/OneDrive/Documents/Git Repos/Achievers/IntegrationTestingPython/test_achievers_site.py#descr:4">Unfollow</a>' (at line <a HREF="file://C:/Users/dprui/OneDrive/Documents/Git Repos/Achievers/IntegrationTestingPython/test_achievers_site.py#11628">261</a>)<br><br></li><li>Typo: In word '<a HREF="file://C:/Users/dprui/OneDrive/Documents/Git Repos/Achievers/IntegrationTestingPython/test_achievers_site.py#descr:5">Unfollow</a>' (at line <a HREF="file://C:/Users/dprui/OneDrive/Documents/Git Repos/Achievers/IntegrationTestingPython/test_achievers_site.py#14414">305</a>)<br><br></li><li>Typo: In word '<a HREF="file://C:/Users/dprui/OneDrive/Documents/Git Repos/Achievers/IntegrationTestingPython/test_achievers_site.py#descr:6">Unfollow</a>' (at line <a HREF="file://C:/Users/dprui/OneDrive/Documents/Git Repos/Achievers/IntegrationTestingPython/test_achievers_site.py#14825">311</a>)<br><br></li><li>Typo: In word '<a HREF="file://C:/Users/dprui/OneDrive/Documents/Git Repos/Achievers/IntegrationTestingPython/test_achievers_site.py#descr:7">Unfollow</a>' (at line <a HREF="file://C:/Users/dprui/OneDrive/Documents/Git Repos/Achievers/IntegrationTestingPython/test_achievers_site.py#14825">311</a>)<br><br></li><li>Typo: In word '<a HREF="file://C:/Users/dprui/OneDrive/Documents/Git Repos/Achievers/IntegrationTestingPython/test_achievers_site.py#descr:8">unfollowed</a>' (at line <a HREF="file://C:/Users/dprui/OneDrive/Documents/Git Repos/Achievers/IntegrationTestingPython/test_achievers_site.py#15464">321</a>)<br><br></li><li>Typo: In word '<a HREF="file://C:/Users/dprui/OneDrive/Documents/Git Repos/Achievers/IntegrationTestingPython/test_achievers_site.py#descr:9">Unfollow</a>' (at line <a HREF="file://C:/Users/dprui/OneDrive/Documents/Git Repos/Achievers/IntegrationTestingPython/test_achievers_site.py#15611">323</a>)<br><br></li><li>Typo: In word '<a HREF="file://C:/Users/dprui/OneDrive/Documents/Git Repos/Achievers/IntegrationTestingPython/test_achievers_site.py#descr:10">unfollowing</a>' (at line <a HREF="file://C:/Users/dprui/OneDrive/Documents/Git Repos/Achievers/IntegrationTestingPython/test_achievers_site.py#15716">325</a>)<br><br></li></ul><table cellpadding="0" border="0" cellspacing="0"><tr><td>&nbsp;</td></tr></table></div></div></div><ol class="tree"></ol></li><li><label for="2104860496"><span style="margin:1px;">TYPO</span>&nbsp;Typo:&nbsp;In&nbsp;word&nbsp;&#39;unfollowing&#39;&nbsp;<span class="grayout"></span></label><input type="checkbox"  onclick="navigate(2104860496)"  id="2104860496" /><div id="d2104860496" style="display:none"><p class="problem-description-group">Location</p><div class="location"><b>test_achievers_site.py</b><br>in file&nbsp;<a HREF="file://C:/Users/dprui/OneDrive/Documents/Git Repos/Achievers/IntegrationTestingPython/test_achievers_site.py#0">...\test_achievers_site.py</a></div><br><br><p class="problem-description-group">Problem synopsis</p><div class="problem-description"><div class="problem-description"><ul><li>Typo: In word '<a HREF="file://C:/Users/dprui/OneDrive/Documents/Git Repos/Achievers/IntegrationTestingPython/test_achievers_site.py#descr:0">excepthook</a>' (at line <a HREF="file://C:/Users/dprui/OneDrive/Documents/Git Repos/Achievers/IntegrationTestingPython/test_achievers_site.py#714">22</a>)<br><br></li><li>Typo: In word '<a HREF="file://C:/Users/dprui/OneDrive/Documents/Git Repos/Achievers/IntegrationTestingPython/test_achievers_site.py#descr:1">excepthook</a>' (at line <a HREF="file://C:/Users/dprui/OneDrive/Documents/Git Repos/Achievers/IntegrationTestingPython/test_achievers_site.py#820">26</a>)<br><br></li><li>Typo: In word '<a HREF="file://C:/Users/dprui/OneDrive/Documents/Git Repos/Achievers/IntegrationTestingPython/test_achievers_site.py#descr:2">theuser</a>' (at line <a HREF="file://C:/Users/dprui/OneDrive/Documents/Git Repos/Achievers/IntegrationTestingPython/test_achievers_site.py#7539">180</a>)<br><br></li><li>Typo: In word '<a HREF="file://C:/Users/dprui/OneDrive/Documents/Git Repos/Achievers/IntegrationTestingPython/test_achievers_site.py#descr:3">req'd</a>' (at line <a HREF="file://C:/Users/dprui/OneDrive/Documents/Git Repos/Achievers/IntegrationTestingPython/test_achievers_site.py#8388">199</a>)<br><br></li><li>Typo: In word '<a HREF="file://C:/Users/dprui/OneDrive/Documents/Git Repos/Achievers/IntegrationTestingPython/test_achievers_site.py#descr:4">Unfollow</a>' (at line <a HREF="file://C:/Users/dprui/OneDrive/Documents/Git Repos/Achievers/IntegrationTestingPython/test_achievers_site.py#11628">261</a>)<br><br></li><li>Typo: In word '<a HREF="file://C:/Users/dprui/OneDrive/Documents/Git Repos/Achievers/IntegrationTestingPython/test_achievers_site.py#descr:5">Unfollow</a>' (at line <a HREF="file://C:/Users/dprui/OneDrive/Documents/Git Repos/Achievers/IntegrationTestingPython/test_achievers_site.py#14414">305</a>)<br><br></li><li>Typo: In word '<a HREF="file://C:/Users/dprui/OneDrive/Documents/Git Repos/Achievers/IntegrationTestingPython/test_achievers_site.py#descr:6">Unfollow</a>' (at line <a HREF="file://C:/Users/dprui/OneDrive/Documents/Git Repos/Achievers/IntegrationTestingPython/test_achievers_site.py#14825">311</a>)<br><br></li><li>Typo: In word '<a HREF="file://C:/Users/dprui/OneDrive/Documents/Git Repos/Achievers/IntegrationTestingPython/test_achievers_site.py#descr:7">Unfollow</a>' (at line <a HREF="file://C:/Users/dprui/OneDrive/Documents/Git Repos/Achievers/IntegrationTestingPython/test_achievers_site.py#14825">311</a>)<br><br></li><li>Typo: In word '<a HREF="file://C:/Users/dprui/OneDrive/Documents/Git Repos/Achievers/IntegrationTestingPython/test_achievers_site.py#descr:8">unfollowed</a>' (at line <a HREF="file://C:/Users/dprui/OneDrive/Documents/Git Repos/Achievers/IntegrationTestingPython/test_achievers_site.py#15464">321</a>)<br><br></li><li>Typo: In word '<a HREF="file://C:/Users/dprui/OneDrive/Documents/Git Repos/Achievers/IntegrationTestingPython/test_achievers_site.py#descr:9">Unfollow</a>' (at line <a HREF="file://C:/Users/dprui/OneDrive/Documents/Git Repos/Achievers/IntegrationTestingPython/test_achievers_site.py#15611">323</a>)<br><br></li><li>Typo: In word '<a HREF="file://C:/Users/dprui/OneDrive/Documents/Git Repos/Achievers/IntegrationTestingPython/test_achievers_site.py#descr:10">unfollowing</a>' (at line <a HREF="file://C:/Users/dprui/OneDrive/Documents/Git Repos/Achievers/IntegrationTestingPython/test_achievers_site.py#15716">325</a>)<br><br></li></ul><table cellpadding="0" border="0" cellspacing="0"><tr><td>&nbsp;</td></tr></table></div></div></div><ol class="tree"></ol></li></ol></li></ol></li></ol></li></ol></li></div><div style="float:left; width:50%;"><h4>Problem description:</h4><div id="preview">Select a problem element in tree</div></div><div></body></html>